SF:lib\core\failures_successes\exceptions.dart
DA:4,12
DA:12,1
DA:13,3
DA:17,11
DA:25,0
DA:26,0
DA:30,11
DA:38,0
DA:39,0
DA:43,0
DA:51,0
DA:52,0
DA:56,12
DA:64,0
DA:65,0
DA:69,0
DA:77,0
DA:78,0
DA:82,1
DA:90,0
DA:91,0
DA:95,35
DA:103,0
DA:104,0
DA:108,2
DA:116,0
DA:117,0
DA:121,45
DA:129,0
DA:130,0
DA:134,0
DA:142,0
DA:143,0
DA:147,0
DA:155,0
DA:156,0
DA:160,0
DA:168,0
DA:169,0
DA:173,33
DA:181,0
DA:182,0
DA:186,0
DA:194,0
DA:195,0
DA:199,0
DA:207,0
DA:208,0
DA:212,0
DA:220,0
DA:221,0
DA:225,0
DA:233,0
DA:234,0
DA:238,0
DA:246,0
DA:247,0
DA:251,0
DA:259,0
DA:260,0
DA:264,0
DA:272,0
DA:273,0
DA:277,0
DA:285,0
DA:286,0
DA:290,0
DA:298,0
DA:299,0
DA:303,0
DA:311,0
DA:312,0
DA:316,9
DA:324,0
DA:325,0
DA:329,0
DA:333,0
DA:334,0
DA:338,0
DA:342,0
DA:343,0
DA:347,0
DA:351,0
DA:352,0
DA:356,0
DA:360,0
DA:361,0
DA:365,0
DA:369,0
DA:370,0
DA:374,0
DA:382,0
DA:383,0
LF:93
LH:12
end_of_record
SF:lib\features\auth\data\data_sources\auth_remote_data_source.dart
DA:60,1
DA:72,1
DA:75,2
DA:76,0
DA:77,0
DA:78,0
DA:79,0
DA:82,0
DA:83,0
DA:84,0
DA:90,1
DA:98,2
DA:103,0
DA:107,0
DA:108,0
DA:109,0
DA:110,0
DA:111,0
DA:112,0
DA:117,0
DA:119,1
DA:120,1
DA:121,1
DA:122,1
DA:124,0
DA:127,0
DA:128,0
DA:129,0
DA:135,1
DA:142,2
DA:147,1
DA:156,2
DA:158,1
DA:159,2
DA:165,0
DA:167,0
DA:169,0
DA:170,1
DA:171,0
DA:172,0
DA:174,0
DA:177,0
DA:179,0
DA:181,1
DA:184,1
DA:185,1
DA:186,1
DA:192,0
DA:195,0
DA:196,0
DA:197,0
DA:198,0
DA:201,0
DA:203,0
DA:204,0
DA:205,0
DA:206,0
DA:207,0
DA:209,0
DA:210,0
DA:211,0
DA:212,0
DA:213,0
DA:214,0
DA:216,0
DA:219,0
DA:220,0
DA:221,0
DA:227,0
DA:230,0
DA:231,0
DA:232,0
DA:233,0
DA:236,0
DA:237,0
DA:238,0
DA:239,0
DA:240,0
DA:242,0
DA:245,0
DA:246,0
DA:247,0
DA:253,0
DA:256,0
DA:257,0
DA:258,0
DA:263,0
DA:265,0
DA:266,0
DA:267,0
DA:268,0
DA:270,0
DA:271,0
DA:272,0
DA:273,0
DA:274,0
DA:276,0
DA:281,0
DA:282,0
DA:284,0
DA:287,0
DA:288,0
DA:289,0
DA:295,1
DA:302,1
DA:303,3
DA:306,2
DA:307,1
DA:308,3
DA:311,2
DA:312,1
DA:314,7
DA:315,1
DA:318,1
DA:321,3
DA:324,2
DA:325,1
DA:328,1
DA:329,3
DA:335,3
DA:336,1
DA:337,3
DA:338,1
DA:342,3
DA:343,1
DA:345,1
DA:346,2
DA:347,0
DA:348,0
DA:350,0
DA:351,0
DA:352,0
DA:353,0
DA:356,0
DA:357,0
DA:358,0
DA:364,0
DA:367,0
DA:368,0
DA:369,0
DA:370,0
DA:371,0
DA:372,0
DA:373,0
DA:375,0
DA:377,0
DA:380,0
DA:381,0
DA:382,0
DA:388,0
DA:391,0
DA:393,0
DA:394,0
DA:396,0
DA:397,0
DA:398,0
DA:399,0
DA:400,0
DA:401,0
DA:404,0
DA:405,0
DA:409,0
DA:410,0
DA:411,0
DA:412,0
DA:415,0
DA:418,0
DA:419,0
DA:420,0
DA:426,1
DA:427,3
DA:430,0
DA:431,0
DA:432,0
DA:433,0
DA:434,0
DA:435,0
DA:436,0
DA:439,0
DA:443,1
DA:444,1
DA:445,1
DA:446,3
DA:448,1
DA:451,3
LF:185
LH:52
end_of_record
SF:lib\features\auth\data\models\user_model.dart
DA:7,39
DA:18,36
DA:19,0
DA:30,2
DA:31,1
DA:34,2
DA:35,2
DA:36,2
DA:37,2
DA:38,2
DA:39,2
DA:40,2
DA:41,2
DA:42,2
DA:43,0
DA:44,2
DA:45,4
DA:46,0
DA:49,2
DA:50,0
DA:51,2
DA:52,4
DA:53,0
DA:58,0
DA:60,6
DA:61,3
DA:62,3
DA:63,3
DA:64,3
DA:65,3
DA:66,3
DA:67,3
DA:68,3
DA:71,3
DA:81,3
DA:82,1
DA:83,3
DA:84,2
DA:85,3
DA:86,3
DA:87,3
DA:88,3
DA:89,3
LF:43
LH:37
end_of_record
SF:lib\core\failures_successes\failures.dart
DA:5,17
DA:9,48
DA:10,0
DA:16,2
DA:17,4
DA:18,4
DA:19,2
DA:22,5
DA:23,15
DA:27,2
DA:32,1
DA:33,1
DA:34,1
DA:35,1
DA:40,0
DA:45,0
DA:46,0
DA:47,0
DA:48,0
DA:53,0
DA:58,0
DA:59,0
DA:60,0
DA:61,0
DA:66,0
DA:71,0
DA:72,0
DA:73,0
DA:74,0
DA:79,3
DA:84,1
DA:85,1
DA:86,1
DA:87,1
DA:92,5
DA:97,1
DA:98,1
DA:99,1
DA:100,1
DA:105,0
DA:110,0
DA:112,0
DA:113,0
DA:114,0
DA:119,2
DA:124,1
DA:126,1
DA:127,1
DA:128,1
DA:133,0
DA:138,0
DA:140,0
DA:141,0
DA:142,0
DA:147,3
DA:152,1
DA:154,1
DA:155,1
DA:156,1
DA:161,3
DA:166,1
DA:168,1
DA:169,1
DA:170,1
DA:175,3
DA:180,1
DA:182,1
DA:183,1
DA:184,1
DA:189,0
DA:194,0
DA:196,0
DA:197,0
DA:198,0
DA:203,0
DA:208,0
DA:210,0
DA:211,0
DA:212,0
DA:217,0
DA:222,0
DA:224,0
DA:225,0
DA:226,0
DA:231,0
DA:236,0
DA:238,0
DA:239,0
DA:240,0
DA:245,0
DA:250,0
DA:252,0
DA:253,0
DA:254,0
DA:259,1
DA:264,0
DA:266,0
DA:267,0
DA:268,0
DA:273,0
DA:278,0
DA:280,0
DA:281,0
DA:282,0
DA:287,0
DA:292,0
DA:294,0
DA:295,0
DA:296,0
DA:301,1
DA:306,0
DA:308,0
DA:309,0
DA:310,0
DA:315,0
DA:320,0
DA:322,0
DA:323,0
DA:324,0
DA:329,0
DA:336,0
DA:343,0
DA:350,0
DA:357,0
DA:364,0
DA:369,0
DA:371,0
DA:372,0
DA:373,0
DA:378,0
DA:383,0
DA:385,0
DA:386,0
DA:387,0
DA:392,0
DA:397,0
DA:399,0
DA:400,0
DA:401,0
DA:406,3
DA:411,2
DA:412,2
DA:413,2
DA:414,2
LF:144
LH:50
end_of_record
SF:lib\core\utils\constants.dart
DA:7,0
LF:1
LH:0
end_of_record
SF:lib\core\utils\datasource_utils.dart
DA:9,0
DA:11,2
DA:12,2
DA:21,1
DA:22,3
DA:23,3
DA:24,1
DA:27,1
DA:28,3
DA:29,3
DA:30,1
LF:11
LH:10
end_of_record
SF:lib\features\auth\domain\entities\user_entity.dart
DA:4,42
DA:15,3
DA:16,0
DA:35,0
DA:37,1
DA:38,1
DA:39,1
DA:40,1
DA:41,1
DA:42,1
DA:43,1
DA:44,1
DA:45,1
DA:46,1
DA:49,1
DA:51,2
DA:52,1
DA:53,1
DA:54,1
DA:55,1
DA:56,1
DA:57,1
LF:22
LH:20
end_of_record
SF:lib\features\auth\data\repository_impl\auth_repository_impl.dart
DA:15,1
DA:19,1
DA:22,2
DA:24,1
DA:25,2
DA:29,1
DA:35,2
DA:39,1
DA:40,1
DA:41,1
DA:42,1
DA:43,1
DA:50,1
DA:58,2
DA:64,1
DA:65,1
DA:66,1
DA:67,1
DA:68,1
DA:75,0
DA:81,0
DA:86,0
DA:87,0
DA:91,0
DA:94,0
DA:96,0
DA:97,0
DA:101,0
DA:104,0
DA:106,0
DA:107,0
DA:111,0
DA:114,0
DA:116,0
DA:117,0
DA:121,0
DA:123,0
DA:124,0
DA:125,0
DA:126,0
DA:128,0
DA:129,0
DA:130,0
DA:131,0
DA:133,0
DA:140,0
DA:143,0
DA:144,0
DA:145,0
DA:146,0
LF:50
LH:19
end_of_record
SF:lib\features\auth\domain\repositories\auth_repository.dart
DA:6,0
LF:1
LH:0
end_of_record
SF:lib\features\auth\domain\usecases\create_with_email_and_password.dart
DA:9,1
DA:13,1
DA:15,4
DA:16,2
DA:17,1
DA:18,1
DA:19,1
DA:20,1
DA:26,3
DA:33,1
DA:34,0
DA:46,1
DA:47,1
DA:48,1
DA:49,1
DA:50,1
DA:51,1
LF:17
LH:16
end_of_record
SF:lib\core\use_case\use_case.dart
DA:4,3
DA:10,10
DA:16,1
DA:21,1
LF:4
LH:4
end_of_record
SF:lib\features\auth\domain\usecases\forgot_password.dart
DA:6,1
DA:10,1
DA:11,2
LF:3
LH:3
end_of_record
SF:lib\features\auth\domain\usecases\sign_in_with_email_and_password.dart
DA:8,1
DA:12,1
DA:16,2
DA:17,1
DA:18,1
DA:23,3
DA:28,1
DA:29,0
DA:37,1
DA:38,3
LF:10
LH:9
end_of_record
SF:lib\features\auth\domain\usecases\update_user.dart
DA:8,1
DA:12,1
DA:13,2
DA:14,1
DA:15,1
DA:20,3
DA:25,1
DA:26,0
DA:34,1
DA:35,3
LF:10
LH:9
end_of_record
SF:lib\features\auth\domain\usecases\delete_account.dart
DA:6,0
DA:10,0
DA:11,0
LF:3
LH:0
end_of_record
SF:lib\features\auth\domain\usecases\delete_profile_picture.dart
DA:7,0
DA:11,0
DA:12,0
LF:3
LH:0
end_of_record
SF:lib\features\auth\domain\usecases\get_current_user.dart
DA:16,0
DA:20,0
DA:21,0
LF:3
LH:0
end_of_record
SF:lib\features\auth\presentation\auth_bloc\auth_state.dart
DA:4,4
DA:6,1
DA:7,1
DA:11,3
DA:15,3
DA:19,2
DA:23,2
DA:27,1
DA:28,2
DA:32,2
DA:36,1
DA:37,2
DA:41,3
DA:45,3
DA:49,2
DA:53,2
DA:57,2
DA:61,1
DA:65,1
DA:66,2
DA:70,0
DA:74,0
DA:75,0
LF:23
LH:20
end_of_record
SF:lib\features\auth\presentation\auth_bloc\auth_event.dart
DA:4,2
DA:6,0
DA:7,0
DA:11,1
DA:19,0
DA:20,0
DA:24,1
DA:36,0
DA:37,0
DA:38,0
DA:39,0
DA:40,0
DA:41,0
DA:46,1
DA:52,0
DA:53,0
DA:57,0
DA:63,0
DA:64,0
DA:68,1
DA:72,2
DA:74,0
DA:80,0
DA:81,0
DA:85,0
DA:100,0
DA:104,0
DA:105,0
DA:109,0
DA:113,0
DA:114,0
DA:118,0
DA:123,0
DA:124,0
LF:34
LH:6
end_of_record
SF:lib\features\auth\presentation\auth_bloc\auth_bloc.dart
DA:25,1
DA:42,1
DA:43,2
DA:44,2
DA:45,2
DA:46,2
DA:47,2
DA:48,2
DA:49,2
DA:50,2
DA:62,1
DA:66,1
DA:67,2
DA:68,3
DA:71,1
DA:72,4
DA:73,3
DA:77,1
DA:81,1
DA:82,4
DA:83,2
DA:84,1
DA:85,1
DA:86,1
DA:87,1
DA:88,1
DA:92,1
DA:93,4
DA:94,3
DA:98,1
DA:102,1
DA:104,3
DA:106,1
DA:107,4
DA:108,2
DA:112,1
DA:116,1
DA:117,2
DA:118,1
DA:119,1
DA:120,1
DA:124,1
DA:125,4
DA:126,2
DA:154,0
DA:158,0
DA:159,0
DA:160,0
DA:161,0
DA:162,0
DA:166,0
DA:167,0
DA:168,0
DA:169,0
DA:174,0
DA:178,0
DA:179,0
DA:181,0
DA:182,0
DA:183,0
DA:184,0
DA:189,0
DA:193,0
DA:194,0
DA:196,0
DA:197,0
DA:198,0
DA:199,0
DA:204,0
DA:208,0
DA:209,0
DA:210,0
DA:211,0
DA:212,0
DA:214,0
DA:215,0
LF:76
LH:44
end_of_record
SF:lib\features\auth\domain\usecases\send_email.dart
DA:7,0
DA:11,0
DA:12,0
DA:13,0
DA:14,0
DA:19,0
DA:24,0
DA:25,0
DA:33,0
DA:34,0
DA:35,0
DA:36,0
LF:12
LH:0
end_of_record
SF:lib\core\resources\strings.dart
DA:2,0
LF:1
LH:0
end_of_record
SF:lib\core\services\restaurants_services\barcode_scanner_plugin.dart
DA:10,0
DA:11,0
DA:17,0
DA:18,0
DA:21,0
DA:26,0
LF:6
LH:0
end_of_record
SF:lib\core\services\vegan_checker.dart
DA:223,2
DA:225,0
DA:227,1
DA:230,1
DA:231,1
DA:232,1
DA:236,2
DA:238,2
DA:240,0
DA:243,0
DA:244,0
DA:248,0
DA:249,0
DA:250,0
DA:258,0
DA:262,0
DA:263,0
DA:268,0
DA:269,0
DA:270,0
DA:271,0
DA:276,0
DA:284,3
DA:285,3
DA:288,2
DA:291,4
DA:292,2
DA:293,4
DA:294,0
DA:295,0
DA:302,2
DA:304,0
DA:305,0
DA:309,2
DA:310,2
DA:311,5
DA:312,0
DA:315,0
DA:332,0
DA:333,0
DA:338,0
DA:341,0
DA:342,0
DA:343,0
DA:347,0
DA:349,0
DA:351,0
DA:354,0
DA:355,0
DA:359,0
DA:360,0
DA:361,0
DA:369,0
DA:373,0
DA:374,0
DA:379,0
DA:380,0
DA:381,0
DA:382,0
DA:387,0
DA:395,0
DA:397,0
DA:400,0
DA:401,0
DA:402,0
DA:403,0
DA:404,0
DA:412,0
DA:414,0
DA:415,0
DA:419,0
DA:420,0
DA:421,0
DA:422,0
DA:425,0
DA:432,0
DA:433,0
DA:434,0
DA:448,1
DA:450,1
DA:451,5
DA:452,0
DA:454,0
DA:458,1
DA:459,1
DA:460,1
DA:461,1
LF:87
LH:24
end_of_record
SF:lib\features\food_product\data\data_sources\food_product_remote_data_source.dart
DA:67,1
DA:81,1
DA:84,1
DA:85,1
DA:91,2
DA:93,4
DA:94,4
DA:95,1
DA:97,1
DA:101,2
DA:103,2
DA:105,2
DA:107,0
DA:108,2
DA:110,1
DA:115,1
DA:116,1
DA:119,0
DA:124,0
DA:130,0
DA:131,0
DA:132,0
DA:133,0
DA:135,0
DA:137,0
DA:138,0
DA:139,0
DA:140,0
DA:142,0
DA:143,0
DA:144,0
DA:145,0
DA:146,0
DA:147,0
DA:148,0
DA:149,0
DA:150,0
DA:151,0
DA:152,0
DA:154,0
DA:155,0
DA:156,0
DA:158,0
DA:160,0
DA:162,0
DA:163,0
DA:164,0
DA:167,0
DA:168,0
DA:169,0
DA:172,0
DA:174,0
DA:177,0
DA:178,0
DA:180,0
DA:181,0
DA:186,0
DA:187,0
DA:190,0
DA:191,0
DA:193,0
DA:196,0
DA:198,0
DA:200,0
DA:202,0
DA:203,0
DA:204,0
DA:205,0
DA:206,0
DA:209,0
DA:210,0
DA:213,0
DA:214,0
DA:217,0
DA:218,0
DA:219,0
DA:225,0
DA:232,0
DA:233,0
DA:234,0
DA:235,0
DA:239,0
DA:240,0
DA:244,0
DA:249,0
DA:251,0
DA:252,0
DA:253,0
DA:254,0
DA:255,0
DA:256,0
DA:257,0
DA:258,0
DA:259,0
DA:260,0
DA:261,0
DA:265,0
DA:270,0
DA:271,0
DA:272,0
DA:273,0
DA:274,0
DA:275,0
DA:276,0
DA:277,0
DA:278,0
DA:279,0
DA:280,0
DA:281,0
DA:285,0
DA:290,0
DA:292,0
DA:293,0
DA:294,0
DA:295,0
DA:296,0
DA:297,0
DA:301,0
DA:307,0
DA:308,0
DA:313,0
DA:314,0
DA:315,0
DA:318,0
DA:319,0
DA:320,0
DA:321,0
DA:327,0
DA:339,0
DA:340,0
DA:341,0
DA:342,0
DA:345,0
DA:346,0
DA:347,0
DA:349,0
DA:350,0
DA:351,0
DA:356,0
DA:361,0
DA:362,0
DA:364,0
DA:368,0
DA:370,0
DA:371,0
DA:372,0
DA:373,0
DA:374,0
DA:375,0
DA:376,0
DA:379,0
DA:382,0
DA:383,0
DA:384,0
DA:386,0
DA:387,0
DA:388,0
DA:389,0
DA:390,0
DA:391,0
DA:392,0
DA:395,0
DA:401,1
DA:404,2
DA:405,1
DA:407,1
DA:408,3
DA:411,0
DA:412,0
DA:416,0
DA:419,0
DA:420,0
DA:422,0
DA:423,0
DA:424,0
DA:425,0
DA:428,0
DA:429,0
DA:430,0
DA:436,0
DA:439,0
DA:440,0
DA:442,0
DA:443,0
DA:444,0
DA:445,0
DA:448,0
DA:449,0
DA:450,0
DA:456,0
DA:460,0
DA:461,0
DA:462,0
DA:463,0
DA:469,0
DA:471,0
DA:472,0
DA:473,0
DA:474,0
DA:475,0
DA:476,0
DA:479,0
DA:486,0
DA:489,0
DA:491,0
DA:492,0
DA:493,0
DA:494,0
DA:495,0
DA:498,0
DA:502,0
DA:506,0
DA:507,0
DA:508,0
DA:512,0
DA:513,0
DA:514,0
DA:515,0
DA:516,0
DA:519,0
DA:521,0
DA:522,0
DA:525,0
DA:526,0
DA:527,0
DA:533,0
DA:536,0
DA:538,0
DA:540,0
DA:541,0
DA:544,0
DA:548,0
DA:552,0
LF:233
LH:21
end_of_record
SF:lib\features\food_product\data\models\barcode_model.dart
DA:4,4
DA:6,2
DA:8,1
DA:9,1
LF:4
LH:4
end_of_record
SF:lib\features\food_product\data\models\food_product_model.dart
DA:7,3
DA:36,1
DA:37,1
DA:40,1
DA:49,1
DA:66,2
DA:67,1
DA:70,2
DA:71,2
DA:72,4
DA:73,4
DA:74,2
DA:75,1
DA:76,2
DA:77,4
DA:78,2
DA:81,4
DA:82,4
DA:83,4
DA:84,2
DA:86,4
DA:90,4
DA:91,7
DA:93,4
DA:95,4
DA:97,4
DA:98,2
DA:100,2
DA:102,4
DA:104,3
DA:106,3
DA:108,3
DA:109,4
DA:110,4
DA:111,4
DA:112,6
DA:113,6
DA:114,6
DA:117,2
DA:145,2
DA:146,1
DA:147,2
DA:148,2
DA:149,2
DA:150,2
DA:151,2
DA:152,2
DA:153,1
DA:154,1
DA:155,1
DA:156,2
DA:157,2
DA:158,2
DA:159,2
DA:160,2
DA:161,2
DA:162,2
DA:163,2
DA:164,2
DA:165,2
DA:166,2
DA:167,2
DA:168,2
DA:169,2
DA:170,2
DA:171,2
DA:175,3
DA:177,2
DA:178,1
DA:179,1
DA:180,1
DA:181,2
DA:182,0
DA:185,1
DA:186,1
DA:187,1
DA:188,2
DA:189,1
DA:190,1
DA:191,1
DA:192,1
DA:193,1
DA:194,1
DA:195,1
DA:196,1
DA:197,1
DA:198,1
DA:199,1
DA:200,1
DA:201,1
DA:202,1
DA:203,1
DA:204,1
DA:205,1
DA:206,1
DA:207,1
DA:229,11
DA:247,9
DA:248,0
DA:266,0
DA:267,0
DA:270,2
DA:271,2
DA:272,6
DA:273,2
DA:274,4
DA:277,2
DA:278,4
DA:281,4
DA:282,6
DA:283,2
DA:284,4
DA:287,2
DA:288,4
DA:291,2
DA:292,4
DA:295,4
DA:296,2
DA:297,4
DA:300,6
DA:301,6
DA:302,6
DA:303,4
DA:304,6
DA:307,0
DA:324,0
DA:325,0
DA:326,0
DA:327,0
DA:328,0
DA:329,0
DA:330,0
DA:331,0
DA:332,0
DA:333,0
DA:334,0
DA:335,0
DA:336,0
DA:337,0
DA:338,0
DA:339,0
DA:343,0
DA:345,2
DA:346,1
DA:347,1
DA:348,1
DA:349,1
DA:350,1
DA:351,1
DA:352,1
DA:353,1
DA:354,1
DA:355,1
DA:356,1
DA:357,1
DA:358,1
DA:359,1
DA:360,1
DA:365,1
DA:376,0
DA:377,0
DA:380,1
DA:381,1
DA:382,2
DA:383,1
DA:384,1
DA:385,1
DA:386,2
DA:387,2
DA:392,3
DA:393,3
DA:394,3
DA:395,2
DA:396,2
DA:397,2
DA:400,0
DA:402,0
DA:403,0
DA:404,0
DA:405,0
DA:406,0
DA:409,0
DA:410,0
DA:411,0
DA:412,0
DA:413,0
DA:414,0
LF:187
LH:151
end_of_record
SF:lib\core\extensions\string_extensions.dart
DA:2,0
DA:4,0
DA:8,0
DA:9,0
DA:11,1
DA:12,5
DA:14,2
DA:15,3
DA:16,1
DA:18,1
DA:19,5
DA:21,0
DA:23,0
DA:24,0
DA:25,0
DA:27,2
DA:29,1
DA:30,1
DA:31,1
DA:32,1
DA:34,0
LF:21
LH:12
end_of_record
SF:lib\features\food_product\domain\entities\food_product.dart
DA:4,5
DA:17,2
DA:18,2
DA:21,2
DA:42,2
DA:43,2
DA:44,2
DA:45,2
DA:46,2
DA:47,2
DA:48,2
DA:49,2
DA:50,2
DA:51,2
DA:52,2
DA:53,2
DA:58,20
DA:76,9
DA:77,0
DA:111,2
DA:112,2
DA:113,2
DA:114,2
DA:115,2
DA:116,2
DA:117,2
DA:118,2
DA:119,2
DA:120,2
DA:121,2
DA:122,2
DA:123,2
DA:124,2
DA:125,2
DA:126,2
DA:127,2
DA:132,1
DA:143,0
DA:144,0
DA:146,0
DA:165,0
DA:166,0
DA:167,0
DA:168,0
DA:169,0
DA:170,0
DA:171,0
DA:172,0
DA:173,0
DA:174,0
LF:50
LH:36
end_of_record
SF:lib\features\food_product\data\models\food_product_report_model.dart
DA:7,0
DA:27,0
DA:28,0
DA:48,0
DA:49,0
DA:52,0
DA:53,0
DA:54,0
DA:55,0
DA:56,0
DA:57,0
DA:58,0
DA:59,0
DA:61,0
DA:62,0
DA:63,0
DA:64,0
DA:66,0
DA:67,0
DA:68,0
DA:69,0
DA:70,0
DA:71,0
DA:72,0
DA:75,0
DA:94,0
DA:95,0
DA:96,0
DA:97,0
DA:98,0
DA:99,0
DA:100,0
DA:101,0
DA:102,0
DA:103,0
DA:104,0
DA:105,0
DA:106,0
DA:107,0
DA:108,0
DA:109,0
DA:110,0
DA:111,0
DA:115,0
DA:117,0
DA:118,0
DA:119,0
DA:120,0
DA:121,0
DA:122,0
DA:123,0
DA:124,0
DA:125,0
DA:126,0
DA:127,0
DA:128,0
DA:129,0
DA:130,0
DA:131,0
DA:132,0
DA:133,0
DA:134,0
LF:62
LH:0
end_of_record
SF:lib\features\food_product\domain\entities\food_product_report.dart
DA:4,0
DA:24,0
DA:25,0
DA:63,0
DA:64,0
DA:65,0
DA:66,0
DA:67,0
DA:68,0
DA:69,0
DA:70,0
DA:71,0
DA:72,0
DA:73,0
DA:74,0
DA:75,0
DA:76,0
LF:17
LH:0
end_of_record
SF:lib\features\food_product\domain\entities\barcode.dart
DA:4,6
DA:6,2
DA:10,0
DA:11,0
LF:4
LH:2
end_of_record
SF:lib\features\food_product\data\repositories\food_product_repository_impl.dart
DA:15,1
DA:19,1
DA:22,2
DA:23,1
DA:24,1
DA:25,2
DA:29,0
DA:32,0
DA:33,0
DA:34,0
DA:35,0
DA:39,0
DA:46,0
DA:51,0
DA:52,0
DA:53,0
DA:57,1
DA:60,2
DA:61,1
DA:62,1
DA:63,2
DA:67,0
DA:70,0
DA:73,0
DA:74,0
DA:75,0
DA:79,0
DA:82,0
DA:85,0
DA:86,0
DA:87,0
DA:91,0
DA:94,0
DA:95,0
DA:96,0
DA:97,0
DA:101,0
DA:104,0
DA:105,0
DA:106,0
DA:107,0
DA:111,0
DA:114,0
DA:115,0
DA:116,0
DA:117,0
DA:121,0
DA:124,0
DA:125,0
DA:126,0
DA:127,0
DA:131,0
DA:134,0
DA:135,0
DA:136,0
DA:137,0
LF:56
LH:11
end_of_record
SF:lib\features\food_product\domain\use_cases\fetch_product.dart
DA:8,1
DA:12,1
DA:14,3
DA:18,3
DA:20,2
DA:24,1
DA:25,2
LF:7
LH:7
end_of_record
SF:lib\features\food_product\domain\use_cases\scan_barcode.dart
DA:7,1
DA:11,1
DA:12,2
LF:3
LH:3
end_of_record
SF:lib\features\auth\domain\usecases\unsave_food_product.dart
DA:6,0
DA:10,0
DA:11,0
LF:3
LH:0
end_of_record
SF:lib\features\auth\domain\usecases\save_food_product.dart
DA:6,0
DA:10,0
DA:11,0
LF:3
LH:0
end_of_record
SF:lib\features\food_product\domain\use_cases\add_food_product.dart
DA:10,0
DA:14,0
DA:15,0
DA:16,0
DA:17,0
DA:22,0
DA:30,0
DA:31,0
LF:8
LH:0
end_of_record
SF:lib\features\food_product\domain\use_cases\delete_report.dart
DA:7,0
DA:10,0
DA:11,0
LF:3
LH:0
end_of_record
SF:lib\features\food_product\domain\use_cases\fetch_reports.dart
DA:7,0
DA:9,0
DA:10,0
LF:3
LH:0
end_of_record
SF:lib\features\food_product\domain\use_cases\fetch_saved_products_list.dart
DA:7,0
DA:11,0
DA:12,0
LF:3
LH:0
end_of_record
SF:lib\features\food_product\domain\use_cases\read_ingredients_from_image.dart
DA:8,0
DA:12,0
DA:13,0
LF:3
LH:0
end_of_record
SF:lib\features\food_product\domain\use_cases\report_issue.dart
DA:7,0
DA:11,0
DA:12,0
LF:3
LH:0
end_of_record
SF:lib\features\food_product\domain\use_cases\update_food_product.dart
DA:9,0
DA:13,0
DA:14,0
DA:15,0
DA:16,0
DA:17,0
DA:22,0
DA:32,0
DA:33,0
LF:9
LH:0
end_of_record
SF:lib\features\food_product\presentation\scan_product_cubit\food_product_state.dart
DA:4,4
DA:6,1
DA:7,1
DA:11,3
DA:15,3
DA:19,1
DA:23,1
DA:24,2
DA:28,3
DA:32,1
DA:38,1
DA:39,2
DA:43,2
DA:47,2
DA:51,2
DA:55,2
DA:59,2
DA:63,0
DA:69,2
DA:73,2
DA:77,2
DA:81,0
DA:89,0
DA:95,2
DA:99,2
DA:103,0
DA:104,0
DA:108,2
DA:112,0
DA:116,0
DA:117,0
DA:121,2
DA:125,2
DA:129,0
DA:133,0
DA:134,0
DA:138,1
DA:142,1
DA:143,2
LF:39
LH:28
end_of_record
SF:lib\features\food_product\presentation\scan_product_cubit\food_product_cubit.dart
DA:24,1
DA:47,1
DA:60,1
DA:61,1
DA:62,2
DA:63,1
DA:64,4
DA:65,4
DA:69,1
DA:70,1
DA:71,3
DA:73,1
DA:74,1
DA:75,2
DA:76,0
DA:78,3
DA:81,1
DA:82,2
DA:83,0
DA:85,1
DA:86,1
DA:95,0
DA:99,0
DA:100,0
DA:101,0
DA:107,0
DA:108,0
DA:109,0
DA:113,0
DA:118,0
DA:119,0
DA:120,0
DA:127,0
DA:128,0
DA:129,0
DA:133,0
DA:134,0
DA:136,0
DA:138,0
DA:139,0
DA:140,0
DA:141,0
DA:142,0
DA:144,0
DA:152,0
DA:153,0
DA:155,0
DA:157,0
DA:158,0
DA:159,0
DA:160,0
DA:161,0
DA:163,0
DA:169,0
DA:170,0
DA:171,0
DA:172,0
DA:173,0
DA:174,0
DA:176,0
DA:177,0
DA:182,0
DA:183,0
DA:184,0
DA:185,0
DA:186,0
DA:187,0
DA:191,0
DA:192,0
DA:193,0
DA:194,0
DA:195,0
DA:196,0
DA:200,0
DA:201,0
DA:202,0
DA:203,0
DA:204,0
DA:205,0
DA:209,0
DA:210,0
DA:211,0
DA:212,0
DA:213,0
DA:214,0
LF:85
LH:19
end_of_record
SF:lib\features\notifications\data\datasources\notification_remote_data_source.dart
DA:11,0
DA:25,1
DA:34,1
DA:37,2
DA:38,1
DA:39,1
DA:40,4
DA:41,1
DA:42,1
DA:43,1
DA:44,0
DA:45,0
DA:46,0
DA:47,0
DA:49,0
DA:52,0
DA:56,1
DA:59,2
DA:61,7
DA:62,1
DA:63,0
DA:64,0
DA:65,0
DA:66,0
DA:68,0
DA:71,0
DA:75,1
DA:78,2
DA:79,1
DA:80,4
DA:81,1
DA:82,1
DA:83,1
DA:84,1
DA:85,2
DA:86,1
DA:87,2
DA:88,1
DA:91,1
DA:93,1
DA:94,0
DA:95,0
DA:96,0
DA:97,0
DA:98,0
DA:101,0
DA:102,0
DA:107,0
DA:108,0
DA:109,0
DA:110,0
DA:111,0
DA:112,0
DA:115,0
DA:116,0
DA:118,0
DA:119,0
DA:128,1
DA:131,2
DA:132,1
DA:133,1
DA:134,4
DA:135,1
DA:136,1
DA:137,2
DA:138,0
DA:139,0
DA:140,0
DA:141,0
DA:143,0
DA:146,0
DA:150,1
DA:153,2
DA:156,2
DA:159,3
DA:160,0
DA:161,0
DA:162,0
DA:163,0
DA:165,0
DA:167,0
DA:168,0
DA:169,0
DA:172,0
DA:173,0
DA:175,0
DA:178,0
DA:181,2
DA:182,2
DA:183,3
DA:184,1
DA:187,1
DA:188,1
DA:190,1
DA:193,1
DA:195,0
DA:196,0
DA:197,0
DA:198,0
DA:201,0
DA:209,1
DA:210,1
DA:211,3
DA:212,0
DA:213,0
DA:214,0
DA:215,0
DA:217,0
DA:219,0
DA:220,0
DA:222,0
DA:225,2
DA:226,2
DA:227,2
DA:229,1
DA:233,3
LF:116
LH:55
end_of_record
SF:lib\features\notifications\data\models\notification_model.dart
DA:8,4
DA:17,4
DA:18,4
DA:24,4
DA:27,2
DA:28,2
DA:29,2
DA:30,2
DA:31,2
DA:32,4
DA:33,2
DA:34,4
DA:37,2
DA:45,2
DA:46,1
DA:47,2
DA:48,2
DA:49,1
DA:50,2
DA:51,2
DA:55,4
DA:56,2
DA:57,2
DA:58,2
DA:59,4
DA:60,2
DA:61,2
LF:27
LH:27
end_of_record
SF:lib\core\extensions\enum_extensions.dart
DA:4,2
DA:6,2
DA:8,2
DA:10,2
LF:4
LH:4
end_of_record
SF:lib\features\notifications\domain\entities\notification.dart
DA:5,5
DA:14,1
DA:15,1
DA:21,1
DA:31,4
DA:32,8
LF:6
LH:6
end_of_record
SF:lib\features\notifications\data\repositories\notification_repo_impl.dart
DA:14,1
DA:18,1
DA:21,2
DA:23,1
DA:24,2
DA:28,1
DA:31,2
DA:33,1
DA:34,2
DA:38,1
DA:40,3
DA:41,1
DA:42,1
DA:43,2
DA:45,1
DA:46,3
DA:47,1
DA:48,3
DA:50,0
DA:51,0
DA:52,0
DA:61,1
DA:64,2
DA:66,1
DA:67,2
DA:71,1
DA:74,2
DA:76,1
DA:77,2
LF:29
LH:26
end_of_record
SF:lib\features\notifications\domain\repositories\notifications_repository.dart
DA:5,0
LF:1
LH:0
end_of_record
SF:lib\features\notifications\domain\usecases\clear_all.dart
DA:6,1
DA:10,1
DA:11,2
LF:3
LH:3
end_of_record
SF:lib\features\notifications\domain\usecases\clear.dart
DA:6,1
DA:10,1
DA:11,2
LF:3
LH:3
end_of_record
SF:lib\features\notifications\domain\usecases\get_notifications.dart
DA:7,1
DA:11,1
DA:12,2
LF:3
LH:3
end_of_record
SF:lib\features\notifications\domain\usecases\mark_as_read.dart
DA:6,1
DA:10,1
DA:11,2
LF:3
LH:3
end_of_record
SF:lib\features\notifications\domain\usecases\send_notification.dart
DA:7,1
DA:11,1
DA:12,2
LF:3
LH:3
end_of_record
SF:lib\features\notifications\presentation\cubit\notification_state.dart
DA:4,4
DA:6,1
DA:7,1
DA:11,3
DA:15,3
DA:19,3
DA:23,3
DA:27,3
DA:31,1
DA:35,1
DA:36,1
DA:40,1
DA:44,1
DA:45,2
LF:14
LH:14
end_of_record
SF:lib\features\notifications\presentation\cubit\notification_cubit.dart
DA:17,1
DA:28,1
DA:36,1
DA:37,1
DA:38,2
DA:39,1
DA:40,4
DA:41,2
DA:45,1
DA:46,1
DA:47,2
DA:48,1
DA:49,4
DA:50,2
DA:54,1
DA:55,2
DA:56,1
DA:57,4
DA:58,2
DA:62,1
DA:63,1
DA:64,2
DA:65,1
DA:66,4
DA:67,2
DA:71,1
DA:72,1
DA:75,3
DA:77,1
DA:78,1
DA:79,1
DA:80,3
DA:81,1
DA:83,3
DA:86,0
DA:87,0
DA:88,0
DA:90,1
DA:91,1
LF:39
LH:36
end_of_record
SF:lib\core\services\restaurants_services\geocoding_plugin.dart
DA:4,0
DA:5,0
DA:6,0
DA:10,0
DA:14,0
DA:15,0
LF:6
LH:0
end_of_record
SF:lib\core\services\restaurants_services\location_plugin.dart
DA:5,0
DA:7,0
DA:8,0
DA:9,0
DA:10,0
DA:15,0
DA:23,0
DA:29,0
DA:31,0
DA:32,0
DA:33,0
DA:34,0
DA:41,0
DA:48,0
LF:14
LH:0
end_of_record
SF:lib\core\services\restaurants_services\map_plugin.dart
DA:13,0
DA:17,0
DA:18,0
DA:19,0
DA:20,0
DA:21,0
DA:22,0
DA:23,0
DA:25,0
DA:27,0
DA:29,0
DA:31,0
DA:35,0
DA:36,0
DA:37,0
DA:38,0
DA:42,0
DA:49,0
DA:58,0
DA:62,0
DA:63,0
DA:64,0
DA:65,0
DA:68,0
DA:73,0
DA:74,0
DA:75,0
DA:77,0
DA:80,0
DA:89,0
DA:90,0
DA:91,0
DA:92,0
DA:93,0
DA:94,0
DA:95,0
DA:99,0
DA:100,0
DA:101,0
DA:111,0
DA:112,0
DA:113,0
DA:116,0
DA:117,0
DA:129,0
DA:132,0
DA:135,0
DA:136,0
DA:139,0
DA:142,0
DA:143,0
DA:145,0
DA:148,0
DA:149,0
DA:150,0
DA:151,0
DA:152,0
DA:153,0
DA:156,0
DA:157,0
DA:158,0
DA:159,0
DA:160,0
LF:63
LH:0
end_of_record
SF:lib\features\restaurants\data\data_sources\restaurants_remote_data_source.dart
DA:75,1
DA:91,0
DA:99,0
DA:101,0
DA:103,0
DA:105,0
DA:107,0
DA:108,0
DA:109,0
DA:110,0
DA:113,0
DA:114,0
DA:115,0
DA:118,0
DA:120,0
DA:122,0
DA:124,0
DA:125,0
DA:126,0
DA:132,0
DA:133,0
DA:134,0
DA:135,0
DA:137,0
DA:138,0
DA:139,0
DA:140,0
DA:142,0
DA:144,0
DA:145,0
DA:146,0
DA:148,0
DA:149,0
DA:150,0
DA:154,0
DA:155,0
DA:157,0
DA:159,0
DA:161,0
DA:162,0
DA:163,0
DA:165,0
DA:166,0
DA:167,0
DA:171,0
DA:172,0
DA:173,0
DA:174,0
DA:176,0
DA:178,0
DA:179,0
DA:180,0
DA:182,0
DA:183,0
DA:184,0
DA:188,0
DA:189,0
DA:190,0
DA:191,0
DA:193,0
DA:195,0
DA:196,0
DA:197,0
DA:199,0
DA:200,0
DA:201,0
DA:205,0
DA:206,0
DA:207,0
DA:208,0
DA:211,0
DA:212,0
DA:213,0
DA:214,0
DA:216,0
DA:217,0
DA:218,0
DA:219,0
DA:221,0
DA:222,0
DA:223,0
DA:224,0
DA:226,0
DA:227,0
DA:228,0
DA:229,0
DA:231,0
DA:232,0
DA:233,0
DA:234,0
DA:235,0
DA:238,0
DA:239,0
DA:240,0
DA:241,0
DA:243,0
DA:244,0
DA:245,0
DA:246,0
DA:248,0
DA:249,0
DA:250,0
DA:251,0
DA:253,0
DA:254,0
DA:255,0
DA:256,0
DA:258,0
DA:259,0
DA:260,0
DA:261,0
DA:263,0
DA:264,0
DA:265,0
DA:266,0
DA:269,0
DA:270,0
DA:271,0
DA:272,0
DA:275,0
DA:278,0
DA:279,0
DA:280,0
DA:286,1
DA:289,2
DA:291,3
DA:292,2
DA:293,1
DA:294,0
DA:296,1
DA:299,1
DA:300,0
DA:306,2
DA:309,2
DA:310,1
DA:311,2
DA:313,2
DA:316,2
DA:317,1
DA:318,1
DA:319,1
DA:320,1
DA:324,1
DA:327,0
DA:331,0
DA:332,0
DA:333,0
DA:338,2
DA:342,0
DA:343,0
DA:344,0
DA:345,0
DA:346,0
DA:349,0
DA:352,0
DA:353,0
DA:354,0
DA:358,0
DA:361,0
DA:363,0
DA:364,0
DA:365,0
DA:366,0
DA:368,0
DA:373,0
DA:374,0
DA:375,0
DA:376,0
DA:377,0
DA:383,0
DA:386,0
DA:387,0
DA:388,0
DA:390,0
DA:393,0
DA:394,0
DA:395,0
DA:396,0
DA:397,0
DA:398,0
DA:403,0
DA:406,0
DA:407,0
DA:412,0
DA:413,0
DA:414,0
DA:415,0
DA:416,0
DA:419,0
DA:422,0
DA:423,0
DA:424,0
DA:428,0
DA:431,0
DA:433,0
DA:434,0
DA:435,0
DA:436,0
DA:437,0
DA:440,0
DA:443,0
DA:444,0
DA:448,1
DA:456,2
DA:458,1
DA:460,1
DA:461,1
DA:463,1
DA:464,2
DA:465,2
DA:466,2
DA:467,2
DA:468,1
DA:469,1
DA:471,1
DA:472,0
DA:475,2
DA:476,2
DA:477,1
DA:478,3
DA:480,1
DA:482,1
DA:483,0
DA:484,0
DA:485,0
DA:486,0
DA:487,0
DA:488,0
DA:492,0
DA:493,0
DA:497,0
DA:498,0
DA:499,0
DA:500,0
DA:503,0
DA:506,0
DA:507,0
DA:508,0
DA:514,1
DA:517,2
DA:518,1
DA:520,1
DA:521,0
DA:524,3
DA:525,2
DA:529,0
DA:532,0
DA:533,0
DA:534,0
DA:535,0
DA:536,0
DA:537,0
DA:540,0
DA:543,0
DA:544,0
DA:548,0
DA:551,0
DA:553,0
DA:554,0
DA:558,0
DA:559,0
DA:560,0
DA:561,0
DA:562,0
DA:564,0
DA:566,0
DA:567,0
DA:568,0
DA:569,0
DA:570,0
DA:572,0
DA:575,0
DA:576,0
DA:580,0
DA:583,0
DA:585,0
DA:588,0
DA:589,0
DA:592,0
DA:593,0
DA:598,0
DA:599,0
DA:600,0
DA:601,0
DA:603,0
DA:605,0
DA:606,0
DA:607,0
DA:608,0
DA:609,0
DA:611,0
DA:614,0
DA:615,0
DA:619,0
DA:622,0
DA:623,0
DA:624,0
DA:625,0
DA:626,0
DA:627,0
DA:628,0
DA:630,0
DA:633,0
DA:634,0
DA:638,0
DA:641,0
DA:643,0
DA:644,0
DA:645,0
DA:646,0
DA:647,0
DA:648,0
DA:649,0
DA:650,0
DA:652,0
DA:655,0
DA:656,0
DA:660,0
DA:663,0
DA:665,0
DA:666,0
DA:668,0
DA:669,0
DA:670,0
DA:671,0
DA:674,0
DA:675,0
DA:676,0
DA:682,0
DA:685,0
DA:687,0
DA:688,0
DA:690,0
DA:691,0
DA:692,0
DA:693,0
DA:696,0
DA:697,0
DA:698,0
DA:704,0
DA:708,0
DA:710,0
DA:711,0
DA:712,0
DA:713,0
DA:714,0
DA:717,0
DA:722,0
DA:725,0
DA:726,0
DA:727,0
DA:728,0
DA:729,0
DA:730,0
DA:731,0
DA:732,0
DA:733,0
DA:734,0
DA:735,0
DA:737,0
DA:739,0
DA:740,0
DA:741,0
DA:742,0
DA:745,0
DA:748,0
DA:749,0
DA:753,0
DA:756,0
DA:759,0
DA:763,0
DA:766,0
DA:770,0
DA:774,3
DA:778,0
DA:782,0
LF:376
LH:46
end_of_record
SF:lib\features\restaurants\data\models\restaurant_model.dart
DA:7,13
DA:36,11
DA:37,0
DA:63,2
DA:64,2
DA:65,2
DA:66,2
DA:67,2
DA:68,2
DA:69,2
DA:70,2
DA:71,2
DA:72,2
DA:73,2
DA:74,2
DA:75,2
DA:76,2
DA:77,2
DA:78,2
DA:79,2
DA:80,2
DA:81,2
DA:82,2
DA:83,2
DA:84,2
DA:85,2
DA:86,2
DA:87,2
DA:88,2
DA:91,2
DA:92,1
DA:95,2
DA:96,2
DA:97,2
DA:98,2
DA:99,2
DA:100,2
DA:101,2
DA:102,2
DA:103,2
DA:104,2
DA:105,2
DA:106,2
DA:107,2
DA:108,2
DA:109,2
DA:110,2
DA:111,2
DA:112,2
DA:113,2
DA:115,4
DA:116,2
DA:118,4
DA:119,2
DA:120,0
DA:121,2
DA:122,4
DA:124,2
DA:125,2
DA:126,2
DA:127,2
DA:128,2
DA:129,2
DA:130,2
DA:133,3
DA:135,4
DA:136,2
DA:137,2
DA:138,2
DA:139,2
DA:140,2
DA:141,2
DA:142,2
DA:143,2
DA:144,2
DA:145,2
DA:146,2
DA:147,2
DA:148,2
DA:149,2
DA:150,2
DA:151,2
DA:152,4
DA:153,4
DA:154,2
DA:155,4
DA:156,0
DA:159,2
DA:160,2
DA:161,2
DA:162,2
DA:163,2
DA:164,2
DA:165,2
DA:168,2
DA:196,2
DA:197,0
DA:198,2
DA:199,2
DA:200,2
DA:201,2
DA:202,2
DA:203,2
DA:204,2
DA:205,2
DA:206,2
DA:207,2
DA:208,2
DA:209,2
DA:210,2
DA:211,2
DA:212,2
DA:213,2
DA:214,2
DA:215,2
DA:216,2
DA:217,2
DA:218,2
DA:219,2
DA:220,2
DA:221,2
DA:222,2
DA:228,11
DA:232,9
DA:233,0
DA:237,0
DA:239,2
DA:240,2
DA:241,2
DA:242,0
DA:243,2
DA:244,4
DA:245,0
DA:250,0
DA:252,4
DA:253,2
DA:254,4
DA:255,0
DA:260,0
DA:263,0
DA:264,0
DA:269,0
DA:274,0
DA:275,0
DA:280,0
DA:282,0
DA:283,0
DA:284,0
DA:286,0
DA:287,0
DA:289,0
DA:292,0
DA:294,0
DA:295,0
DA:296,0
DA:299,0
DA:303,0
DA:304,0
DA:305,0
DA:310,9
DA:315,9
DA:316,0
DA:321,0
DA:323,0
DA:324,0
DA:325,0
DA:326,0
DA:329,0
DA:331,0
DA:332,0
DA:333,0
DA:338,11
DA:340,9
DA:341,0
DA:346,0
DA:347,0
DA:350,2
DA:351,2
DA:352,6
DA:353,6
DA:356,0
DA:358,4
DA:359,2
DA:360,2
LF:184
LH:139
end_of_record
SF:lib\features\restaurants\data\models\user_location_model.dart
DA:5,3
DA:7,3
DA:8,3
DA:9,3
DA:12,3
DA:23,1
DA:24,1
LF:7
LH:7
end_of_record
SF:lib\features\restaurants\domain\entities\user_location.dart
DA:4,4
DA:8,1
DA:9,1
DA:10,1
DA:13,1
LF:5
LH:5
end_of_record
SF:lib\core\resources\media_resources.dart
DA:2,0
LF:1
LH:0
end_of_record
SF:lib\features\restaurants\domain\entities\restaurant.dart
DA:4,29
DA:33,15
DA:34,1
DA:92,4
DA:93,4
DA:94,4
DA:117,21
DA:121,10
DA:124,0
DA:125,0
DA:127,0
DA:129,0
DA:134,0
DA:139,0
DA:140,0
DA:148,0
DA:149,0
DA:151,0
DA:153,0
DA:158,18
DA:163,9
DA:164,0
DA:172,0
DA:173,0
DA:175,0
DA:177,0
DA:182,21
DA:187,10
DA:188,0
DA:196,0
DA:197,0
DA:198,0
DA:199,0
LF:33
LH:12
end_of_record
SF:lib\themes\app_theme.dart
DA:7,0
DA:10,0
DA:12,0
DA:13,0
DA:14,0
DA:15,0
DA:17,0
DA:19,0
DA:20,0
DA:21,0
DA:22,0
DA:24,0
DA:26,0
DA:27,0
DA:28,0
DA:29,0
DA:30,0
DA:31,0
DA:32,0
DA:33,0
DA:34,0
DA:35,0
DA:36,0
DA:38,0
DA:41,0
DA:42,0
DA:44,0
DA:45,0
DA:46,0
DA:48,0
DA:51,0
DA:52,0
DA:54,0
DA:55,0
DA:56,0
DA:57,0
DA:65,0
DA:66,0
DA:67,0
DA:69,0
DA:70,0
DA:71,0
DA:72,0
DA:85,0
DA:86,0
DA:87,0
DA:88,0
DA:91,0
DA:92,0
DA:95,0
DA:96,0
DA:97,0
DA:100,0
DA:101,0
DA:103,0
DA:105,0
DA:106,0
DA:108,0
DA:110,0
DA:111,0
DA:115,0
DA:116,0
DA:120,0
DA:124,0
DA:126,0
DA:127,0
DA:128,0
DA:129,0
DA:130,0
DA:131,0
DA:132,0
DA:133,0
DA:134,0
DA:135,0
DA:136,0
DA:137,0
DA:138,0
DA:141,0
DA:144,0
DA:145,0
DA:146,0
DA:147,0
DA:152,0
DA:153,0
DA:154,0
DA:159,0
DA:160,0
DA:162,0
DA:163,0
DA:164,0
DA:165,0
DA:173,0
DA:174,0
DA:175,0
DA:177,0
DA:178,0
DA:180,0
DA:191,0
DA:192,0
DA:193,0
DA:195,0
DA:197,0
DA:198,0
DA:206,0
DA:208,0
DA:211,0
DA:214,0
DA:216,0
DA:219,0
DA:231,0
DA:235,0
DA:236,0
DA:237,0
DA:239,0
DA:240,0
DA:241,0
LF:116
LH:0
end_of_record
SF:lib\features\restaurants\data\models\restaurant_review_model.dart
DA:6,1
DA:19,1
DA:20,1
DA:25,1
DA:26,1
DA:33,0
DA:34,0
DA:35,0
DA:36,0
DA:37,0
DA:38,0
DA:39,0
DA:40,0
DA:41,0
DA:42,0
DA:47,0
DA:59,0
DA:60,0
DA:61,0
DA:62,0
DA:63,0
DA:64,0
DA:65,0
DA:66,0
DA:68,0
DA:73,0
DA:74,0
DA:75,0
DA:76,0
DA:77,0
DA:78,0
DA:79,0
DA:80,0
DA:82,0
LF:34
LH:5
end_of_record
SF:lib\features\restaurants\data\models\restaurant_submit_model.dart
DA:9,0
DA:17,0
DA:18,0
DA:23,0
DA:26,0
DA:27,0
DA:28,0
DA:31,0
DA:32,0
DA:33,0
DA:34,0
DA:35,0
DA:36,0
DA:37,0
DA:39,0
DA:42,0
DA:49,0
DA:50,0
DA:51,0
DA:52,0
DA:53,0
DA:54,0
DA:58,0
DA:59,0
DA:60,0
DA:61,0
DA:62,0
DA:63,0
DA:64,0
LF:29
LH:0
end_of_record
SF:lib\features\restaurants\domain\entities\restaurant_review.dart
DA:4,1
DA:17,1
DA:18,1
DA:23,1
DA:24,1
DA:44,0
DA:45,0
DA:46,0
DA:47,0
DA:48,0
DA:49,0
DA:50,0
DA:51,0
DA:52,0
DA:54,0
LF:15
LH:5
end_of_record
SF:lib\features\restaurants\domain\entities\restaurant_submit.dart
DA:5,1
DA:13,1
DA:14,1
DA:19,1
DA:28,0
DA:29,0
LF:6
LH:4
end_of_record
SF:lib\features\restaurants\data\repositories\restaurants_repository_impl.dart
DA:19,1
DA:23,0
DA:30,0
DA:35,0
DA:36,0
DA:37,0
DA:41,1
DA:44,2
DA:47,1
DA:48,1
DA:49,2
DA:53,0
DA:56,0
DA:57,0
DA:58,0
DA:59,0
DA:63,0
DA:66,0
DA:67,0
DA:68,0
DA:69,0
DA:73,1
DA:80,1
DA:81,1
DA:87,1
DA:88,1
DA:89,1
DA:90,2
DA:92,1
DA:93,1
DA:94,1
DA:95,3
DA:97,0
DA:104,1
DA:107,2
DA:108,1
DA:109,1
DA:110,2
DA:114,0
DA:117,0
DA:120,0
DA:121,0
DA:122,0
DA:126,0
DA:129,0
DA:130,0
DA:131,0
DA:132,0
DA:136,0
DA:139,0
DA:140,0
DA:141,0
DA:142,0
DA:146,0
DA:149,0
DA:150,0
DA:151,0
DA:152,0
DA:156,0
DA:159,0
DA:160,0
DA:161,0
DA:162,0
DA:166,0
DA:169,0
DA:170,0
DA:171,0
DA:172,0
DA:176,0
DA:179,0
DA:180,0
DA:181,0
DA:182,0
DA:186,0
DA:189,0
DA:190,0
DA:191,0
DA:192,0
DA:196,0
DA:199,0
DA:200,0
DA:201,0
DA:202,0
DA:206,0
DA:209,0
DA:210,0
DA:211,0
DA:212,0
LF:88
LH:22
end_of_record
SF:lib\features\restaurants\domain\repositories\restaurants_repository.dart
DA:11,0
LF:1
LH:0
end_of_record
SF:lib\features\restaurants\domain\usecases\add_restaurant.dart
DA:7,1
DA:11,1
DA:12,2
LF:3
LH:3
end_of_record
SF:lib\features\restaurants\domain\usecases\get_restaurants_near_me.dart
DA:9,1
DA:13,1
DA:14,2
DA:15,1
DA:16,1
DA:17,1
DA:18,1
DA:23,2
DA:30,2
DA:31,2
DA:32,2
DA:35,2
DA:54,1
DA:55,3
LF:14
LH:14
end_of_record
SF:lib\features\restaurants\domain\usecases\get_user_location.dart
DA:7,1
DA:11,1
DA:12,2
LF:3
LH:3
end_of_record
SF:lib\features\restaurants\domain\usecases\submit_update_suggestion.dart
DA:7,1
DA:11,1
DA:12,2
LF:3
LH:3
end_of_record
SF:lib\features\restaurants\domain\usecases\add_restaurant_review.dart
DA:7,0
DA:11,0
DA:12,0
LF:3
LH:0
end_of_record
SF:lib\features\restaurants\domain\usecases\delete_restaurant_review.dart
DA:7,0
DA:11,0
DA:12,0
LF:3
LH:0
end_of_record
SF:lib\features\restaurants\domain\usecases\delete_restaurant_submission.dart
DA:7,0
DA:11,0
DA:12,0
LF:3
LH:0
end_of_record
SF:lib\features\restaurants\domain\usecases\edit_restaurant_review.dart
DA:7,0
DA:11,0
DA:12,0
LF:3
LH:0
end_of_record
SF:lib\features\restaurants\domain\usecases\get_saved_restaurants.dart
DA:7,0
DA:11,0
DA:12,0
LF:3
LH:0
end_of_record
SF:lib\features\restaurants\domain\usecases\save_restaurant.dart
DA:6,0
DA:10,0
DA:11,0
LF:3
LH:0
end_of_record
SF:lib\features\restaurants\domain\usecases\submit_restaurant.dart
DA:7,0
DA:11,0
DA:12,0
LF:3
LH:0
end_of_record
SF:lib\features\restaurants\domain\usecases\unsave_restaurant.dart
DA:6,0
DA:10,0
DA:11,0
LF:3
LH:0
end_of_record
SF:lib\features\restaurants\domain\usecases\update_restaurant.dart
DA:9,0
DA:13,0
DA:14,0
DA:15,0
DA:16,0
DA:17,0
DA:22,1
DA:28,1
DA:29,1
DA:39,1
DA:40,1
DA:41,1
DA:42,1
DA:43,1
LF:14
LH:8
end_of_record
SF:lib\features\restaurants\presentation\restaurants_cubit\restaurants_state.dart
DA:4,3
DA:6,1
DA:7,1
DA:11,2
DA:15,2
DA:19,2
DA:23,2
DA:27,2
DA:31,2
DA:35,1
DA:45,1
DA:46,4
DA:50,2
DA:54,1
DA:62,2
DA:66,2
DA:70,2
DA:74,2
DA:78,2
DA:82,0
DA:86,2
DA:90,2
DA:94,2
DA:98,2
DA:102,2
DA:106,2
DA:110,2
DA:114,0
DA:122,2
DA:126,2
DA:130,2
DA:134,1
DA:135,2
LF:33
LH:31
end_of_record
SF:lib\features\restaurants\presentation\restaurants_cubit\restaurants_cubit.dart
DA:32,1
DA:55,1
DA:76,1
DA:77,1
DA:78,2
DA:79,1
DA:80,2
DA:81,2
DA:83,2
DA:87,1
DA:88,1
DA:89,2
DA:90,1
DA:91,2
DA:92,2
DA:94,2
DA:98,1
DA:103,1
DA:104,2
DA:105,1
DA:111,1
DA:112,2
DA:113,2
DA:115,2
DA:119,1
DA:120,1
DA:121,2
DA:123,1
DA:124,4
DA:125,2
DA:131,1
DA:132,1
DA:134,1
DA:136,3
DA:137,1
DA:140,1
DA:143,1
DA:145,1
DA:146,1
DA:147,1
DA:148,3
DA:149,3
DA:150,2
DA:152,1
DA:153,2
DA:155,1
DA:156,4
DA:158,1
DA:159,1
DA:160,1
DA:163,1
DA:166,0
DA:167,0
DA:169,0
DA:170,0
DA:171,0
DA:173,0
DA:174,0
DA:176,0
DA:177,0
DA:178,0
DA:179,0
DA:180,0
DA:187,0
DA:188,0
DA:189,0
DA:191,1
DA:192,2
DA:197,0
DA:203,0
DA:205,0
DA:207,0
DA:209,0
DA:210,0
DA:213,0
DA:215,0
DA:217,0
DA:218,0
DA:219,0
DA:220,0
DA:221,0
DA:222,0
DA:224,0
DA:225,0
DA:226,0
DA:227,0
DA:228,0
DA:229,0
DA:230,0
DA:232,0
DA:233,0
DA:234,0
DA:235,0
DA:236,0
DA:239,0
DA:240,0
DA:241,0
DA:242,0
DA:243,0
DA:244,0
DA:246,0
DA:247,0
DA:248,0
DA:249,0
DA:250,0
DA:254,0
DA:258,0
DA:259,0
DA:260,0
DA:262,0
DA:263,0
DA:268,1
DA:269,1
DA:270,2
DA:271,1
DA:272,4
DA:273,2
DA:277,1
DA:278,1
DA:279,2
DA:280,1
DA:281,4
DA:282,2
DA:286,0
DA:287,0
DA:288,0
DA:289,0
DA:290,0
DA:291,0
DA:295,0
DA:296,0
DA:297,0
DA:298,0
DA:299,0
DA:300,0
DA:304,1
DA:305,1
DA:306,3
DA:307,1
DA:308,4
DA:309,2
DA:315,1
DA:316,1
DA:317,3
DA:318,1
DA:319,4
DA:320,2
DA:326,1
DA:327,1
DA:328,2
DA:330,1
DA:331,2
DA:332,2
DA:334,2
DA:335,1
DA:342,1
DA:343,1
DA:344,2
DA:345,1
DA:346,4
DA:347,2
DA:351,1
DA:353,2
DA:354,1
LF:164
LH:94
end_of_record
SF:lib\core\services\service_locator.main.dart
DA:3,0
DA:5,0
DA:6,0
DA:7,0
DA:8,0
DA:9,0
DA:12,0
DA:13,0
DA:14,0
DA:15,0
DA:16,0
DA:17,0
DA:18,0
DA:19,0
DA:20,0
DA:23,0
DA:24,0
DA:25,0
DA:26,0
DA:27,0
DA:28,0
DA:29,0
DA:30,0
DA:33,0
DA:34,0
DA:35,0
DA:36,0
DA:41,0
DA:42,0
DA:44,0
DA:46,0
DA:47,0
DA:48,0
DA:49,0
DA:50,0
DA:51,0
DA:52,0
DA:53,0
DA:54,0
DA:55,0
DA:59,0
DA:60,0
DA:61,0
DA:62,0
DA:63,0
DA:64,0
DA:65,0
DA:66,0
DA:68,0
DA:69,0
DA:72,0
DA:73,0
DA:74,0
DA:75,0
DA:76,0
DA:80,0
DA:81,0
DA:82,0
DA:83,0
DA:86,0
DA:87,0
DA:89,0
DA:90,0
DA:91,0
DA:92,0
DA:93,0
DA:94,0
DA:95,0
DA:96,0
DA:97,0
DA:98,0
DA:99,0
DA:100,0
DA:101,0
DA:105,0
DA:106,0
DA:107,0
DA:108,0
DA:109,0
DA:110,0
DA:111,0
DA:112,0
DA:113,0
DA:114,0
DA:115,0
DA:118,0
DA:119,0
DA:122,0
DA:123,0
DA:124,0
DA:125,0
DA:126,0
DA:127,0
DA:128,0
DA:132,0
DA:133,0
DA:136,0
DA:137,0
DA:139,0
DA:140,0
DA:141,0
DA:142,0
DA:143,0
DA:144,0
DA:145,0
DA:146,0
DA:147,0
DA:148,0
DA:149,0
DA:150,0
DA:151,0
DA:154,0
DA:155,0
DA:156,0
DA:159,0
DA:160,0
DA:161,0
DA:165,0
DA:166,0
DA:167,0
DA:168,0
DA:169,0
DA:170,0
DA:171,0
DA:172,0
DA:173,0
DA:174,0
DA:175,0
DA:176,0
DA:177,0
DA:179,0
DA:180,0
DA:183,0
DA:184,0
DA:185,0
DA:186,0
DA:187,0
DA:188,0
DA:189,0
DA:190,0
DA:194,0
DA:195,0
DA:196,0
DA:197,0
LF:144
LH:0
end_of_record
SF:lib\features\restaurants\domain\usecases\search_restaurants.dart
DA:7,0
DA:11,0
DA:12,0
LF:3
LH:0
end_of_record
SF:lib\features\restaurants\presentation\search_restaurants_cubit\search_restaurants_state.dart
DA:4,1
DA:6,0
DA:7,0
DA:11,1
DA:15,1
DA:19,1
DA:23,0
DA:24,0
DA:28,0
DA:32,0
DA:33,0
LF:11
LH:4
end_of_record
SF:lib\features\restaurants\presentation\search_restaurants_cubit\search_restaurants_cubit.dart
DA:9,0
DA:11,0
DA:15,0
DA:16,0
DA:17,0
DA:21,0
DA:23,0
DA:25,0
DA:26,0
DA:27,0
LF:10
LH:0
end_of_record
SF:lib\features\restaurants\presentation\user_location_cubit\user_location_state.dart
DA:4,1
DA:6,0
DA:7,0
DA:13,1
DA:17,0
DA:21,0
DA:22,0
DA:26,0
DA:30,0
DA:31,0
LF:10
LH:2
end_of_record
SF:lib\features\restaurants\presentation\user_location_cubit\user_location_cubit.dart
DA:9,0
DA:12,0
DA:16,0
DA:17,0
DA:18,0
DA:19,0
DA:20,0
DA:21,0
DA:22,0
DA:24,0
DA:25,0
DA:26,0
DA:33,0
DA:38,0
DA:39,0
DA:42,0
DA:43,0
LF:17
LH:0
end_of_record
