SF:lib\core\failures_successes\exceptions.dart
DA:4,3
DA:12,1
DA:13,3
DA:17,9
DA:25,0
DA:26,0
DA:30,3
DA:38,1
DA:39,3
DA:43,1
DA:51,0
DA:52,0
DA:56,20
DA:64,0
DA:65,0
DA:69,2
DA:77,0
DA:78,0
DA:82,1
DA:90,0
DA:91,0
DA:95,28
DA:103,0
DA:104,0
DA:108,2
DA:116,0
DA:117,0
DA:121,26
DA:129,0
DA:130,0
DA:134,0
DA:142,0
DA:143,0
DA:147,0
DA:155,0
DA:156,0
DA:160,18
DA:168,0
DA:169,0
DA:173,0
DA:177,0
DA:178,0
DA:182,0
DA:186,0
DA:187,0
DA:191,0
DA:195,0
DA:196,0
DA:200,0
DA:204,0
DA:205,0
DA:209,0
DA:213,0
DA:214,0
LF:54
LH:15
end_of_record
SF:lib\core\utils\constants.dart
DA:7,5
LF:1
LH:1
end_of_record
SF:lib\features\auth\data\data_sources\auth_remote_data_source.dart
DA:46,1
DA:58,1
DA:61,2
DA:62,0
DA:63,0
DA:64,0
DA:65,0
DA:68,0
DA:69,0
DA:70,0
DA:76,1
DA:83,2
DA:88,2
DA:89,2
DA:92,1
DA:93,2
DA:96,1
DA:97,2
DA:98,2
DA:99,2
DA:100,2
DA:104,4
DA:106,1
DA:107,1
DA:108,1
DA:109,1
DA:111,0
DA:114,0
DA:115,0
DA:116,0
DA:122,1
DA:129,2
DA:134,1
DA:143,2
DA:145,1
DA:146,2
DA:151,0
DA:153,0
DA:155,0
DA:156,1
DA:157,0
DA:158,0
DA:159,0
DA:161,1
DA:164,1
DA:165,1
DA:166,1
DA:172,1
DA:179,1
DA:180,3
DA:183,2
DA:184,1
DA:185,3
DA:188,2
DA:189,1
DA:191,7
DA:192,1
DA:195,1
DA:198,3
DA:201,2
DA:202,1
DA:205,1
DA:206,3
DA:212,3
DA:213,1
DA:214,3
DA:215,1
DA:219,3
DA:220,1
DA:222,1
DA:223,2
DA:225,0
DA:226,0
DA:227,0
DA:228,0
DA:231,0
DA:232,0
DA:233,0
DA:239,1
DA:240,3
DA:243,1
DA:244,4
DA:245,1
DA:246,1
DA:247,1
DA:248,1
DA:249,1
DA:252,1
DA:256,1
DA:257,1
DA:258,1
DA:259,3
DA:261,1
DA:264,3
LF:94
LH:70
end_of_record
SF:lib\features\auth\data\models\user_model.dart
DA:5,5
DA:15,3
DA:16,0
DA:24,2
DA:25,2
DA:26,2
DA:27,2
DA:28,2
DA:29,2
DA:30,2
DA:31,2
DA:32,0
DA:33,2
DA:34,4
DA:35,0
DA:38,2
DA:39,0
DA:40,2
DA:41,4
DA:42,0
DA:47,4
DA:48,2
DA:49,2
DA:50,2
DA:51,2
DA:52,2
DA:53,2
DA:54,2
DA:57,2
DA:66,2
DA:67,1
DA:68,2
DA:69,1
DA:70,2
DA:71,2
DA:72,2
DA:73,2
LF:37
LH:32
end_of_record
SF:lib\core\failures_successes\failures.dart
DA:5,15
DA:9,43
DA:10,0
DA:16,1
DA:17,2
DA:18,2
DA:19,1
DA:22,3
DA:23,9
DA:27,2
DA:32,1
DA:33,1
DA:34,1
DA:35,1
DA:40,3
DA:45,1
DA:46,1
DA:47,1
DA:48,1
DA:53,3
DA:58,1
DA:59,1
DA:60,1
DA:61,1
DA:66,3
DA:71,1
DA:73,1
DA:74,1
DA:75,1
DA:80,3
DA:85,1
DA:87,1
DA:88,1
DA:89,1
DA:94,3
DA:99,1
DA:101,1
DA:102,1
DA:103,1
DA:108,3
DA:113,1
DA:115,1
DA:116,1
DA:117,1
DA:122,3
DA:127,1
DA:129,1
DA:130,1
DA:131,1
DA:136,3
DA:141,1
DA:143,1
DA:144,1
DA:145,1
DA:150,1
DA:155,0
DA:157,0
DA:158,0
DA:159,0
DA:164,0
DA:169,0
DA:171,0
DA:172,0
DA:173,0
DA:178,0
DA:183,0
DA:185,0
DA:186,0
DA:187,0
DA:192,0
DA:197,0
DA:199,0
DA:200,0
DA:201,0
DA:206,0
DA:213,0
DA:220,0
DA:227,0
DA:234,0
LF:79
LH:54
end_of_record
SF:lib\features\auth\domain\entities\user_entity.dart
DA:4,8
DA:14,3
DA:15,0
DA:32,0
DA:34,1
DA:35,1
DA:36,1
DA:37,1
DA:38,1
DA:39,1
DA:40,1
DA:41,1
DA:42,1
DA:45,1
DA:47,4
DA:48,2
DA:49,1
LF:17
LH:15
end_of_record
SF:lib\features\auth\data\repository_impl\auth_repository_impl.dart
DA:11,1
DA:15,1
DA:18,2
DA:20,1
DA:21,2
DA:25,1
DA:31,2
DA:35,1
DA:36,1
DA:37,1
DA:38,1
DA:39,1
DA:46,1
DA:53,2
DA:58,1
DA:59,1
DA:60,1
DA:61,1
DA:62,1
DA:69,0
DA:75,0
DA:80,0
DA:81,0
LF:23
LH:19
end_of_record
SF:lib\features\auth\domain\repositories\auth_repository.dart
DA:6,0
LF:1
LH:0
end_of_record
SF:lib\features\auth\domain\usecases\create_with_email_and_password.dart
DA:8,1
DA:12,1
DA:14,2
DA:15,1
DA:16,1
DA:17,1
DA:23,3
DA:29,1
DA:30,0
DA:40,1
DA:41,1
DA:42,1
DA:43,1
DA:44,1
LF:14
LH:13
end_of_record
SF:lib\core\use_case\use_case.dart
DA:4,2
DA:10,8
LF:2
LH:2
end_of_record
SF:lib\features\auth\domain\usecases\forgot_password.dart
DA:6,1
DA:10,1
DA:11,2
LF:3
LH:3
end_of_record
SF:lib\features\auth\domain\usecases\sign_in_with_email_and_password.dart
DA:8,1
DA:12,1
DA:16,2
DA:17,1
DA:18,1
DA:23,3
DA:28,1
DA:29,0
DA:37,1
DA:38,3
LF:10
LH:9
end_of_record
SF:lib\features\auth\domain\usecases\update_user.dart
DA:8,1
DA:11,1
DA:13,2
DA:14,1
DA:15,1
DA:21,3
DA:26,1
DA:27,0
DA:34,1
DA:35,3
LF:10
LH:9
end_of_record
SF:lib\features\auth\presentation\auth_bloc\auth_state.dart
DA:4,10
DA:6,1
DA:7,1
DA:11,9
DA:15,9
DA:19,2
DA:23,1
DA:24,2
DA:28,2
DA:32,1
DA:33,2
DA:37,9
DA:41,9
DA:45,1
DA:49,1
DA:50,2
LF:16
LH:16
end_of_record
SF:lib\features\auth\presentation\auth_bloc\auth_event.dart
DA:4,2
DA:6,0
DA:7,0
DA:11,1
DA:19,0
DA:20,0
DA:24,1
DA:34,0
DA:35,0
DA:39,1
DA:45,0
DA:46,0
DA:50,0
DA:56,0
DA:57,0
DA:61,1
DA:65,2
DA:67,0
DA:73,0
DA:74,0
LF:20
LH:6
end_of_record
SF:lib\features\auth\presentation\auth_bloc\auth_bloc.dart
DA:18,1
DA:27,1
DA:28,2
DA:29,2
DA:30,2
DA:31,2
DA:39,1
DA:43,1
DA:44,2
DA:45,3
DA:48,1
DA:49,4
DA:50,3
DA:54,1
DA:58,1
DA:59,2
DA:60,1
DA:61,1
DA:62,1
DA:63,1
DA:67,1
DA:68,4
DA:69,3
DA:73,1
DA:77,1
DA:79,3
DA:81,1
DA:82,4
DA:83,2
DA:87,1
DA:91,1
DA:92,2
DA:93,1
DA:94,1
DA:95,1
DA:99,1
DA:100,4
DA:101,2
LF:38
LH:38
end_of_record
SF:lib\features\restaurants\data\models\map_model.dart
DA:5,3
DA:7,6
DA:9,1
DA:10,1
LF:4
LH:4
end_of_record
SF:lib\features\restaurants\domain\entities\map_entity.dart
DA:4,5
DA:6,4
LF:2
LH:2
end_of_record
SF:lib\core\common\entities\restaurant_entities.dart
DA:4,3
DA:10,0
DA:11,0
DA:14,0
DA:21,1
DA:22,4
DA:26,5
DA:32,2
DA:33,2
DA:35,2
DA:36,2
DA:43,2
DA:44,8
DA:48,3
DA:53,0
DA:54,0
DA:55,0
DA:56,0
DA:62,1
DA:63,3
DA:67,3
DA:73,0
DA:74,0
DA:75,0
DA:84,1
DA:85,4
DA:89,76
DA:94,72
DA:95,0
DA:103,3
DA:104,9
DA:108,40
DA:113,36
DA:118,3
DA:119,9
DA:123,40
DA:128,36
DA:129,0
DA:137,3
DA:138,9
DA:142,7
DA:148,3
DA:149,3
DA:151,3
DA:152,3
DA:159,3
DA:160,12
DA:164,3
DA:169,0
DA:170,0
DA:178,1
DA:179,3
DA:183,21
DA:188,18
DA:189,0
DA:197,1
DA:198,3
DA:202,4
DA:209,0
DA:210,0
DA:212,0
DA:222,2
DA:223,2
DA:224,2
DA:225,2
DA:226,2
DA:227,2
DA:232,39
DA:237,36
DA:238,0
DA:246,2
DA:247,6
DA:251,0
DA:264,0
DA:265,0
DA:289,0
DA:290,0
DA:291,0
DA:292,0
DA:293,0
DA:294,0
DA:295,0
DA:296,0
DA:297,0
DA:298,0
DA:299,0
DA:300,0
LF:87
LH:53
end_of_record
SF:lib\core\services\restaurants_services\location_plugin.dart
DA:5,0
DA:7,0
DA:8,0
DA:9,0
DA:10,0
DA:15,0
DA:23,0
DA:29,0
DA:31,0
DA:32,0
DA:33,0
DA:34,0
DA:41,0
DA:48,0
LF:14
LH:0
end_of_record
SF:lib\core\services\restaurants_services\map_plugin.dart
DA:7,0
DA:9,0
DA:10,0
DA:11,0
DA:12,0
DA:13,0
DA:14,0
DA:15,0
DA:16,0
DA:17,0
DA:18,0
DA:22,0
LF:12
LH:0
end_of_record
SF:lib\features\restaurants\domain\entities\restaurant.dart
DA:5,3
DA:20,1
DA:21,1
DA:25,1
DA:30,1
DA:49,1
DA:50,1
DA:51,1
DA:52,1
DA:53,1
DA:54,1
DA:55,1
DA:56,1
DA:57,1
DA:58,1
DA:59,1
DA:60,1
DA:61,1
DA:62,1
LF:19
LH:19
end_of_record
SF:lib\features\restaurants\data\data_sources\restaurants_remote_data_source.dart
DA:58,1
DA:74,1
DA:79,2
DA:80,2
DA:82,1
DA:86,2
DA:87,0
DA:88,0
DA:89,0
DA:93,2
DA:94,1
DA:95,1
DA:99,0
DA:100,0
DA:103,0
DA:104,0
DA:108,1
DA:113,2
DA:114,2
DA:116,1
DA:117,2
DA:121,2
DA:122,1
DA:123,1
DA:124,1
DA:128,2
DA:130,1
DA:131,2
DA:132,2
DA:137,1
DA:138,3
DA:141,0
DA:142,0
DA:146,1
DA:149,2
DA:150,1
DA:152,1
DA:153,3
DA:156,0
DA:157,0
DA:161,1
DA:164,2
DA:166,1
DA:167,3
DA:170,0
DA:171,0
DA:175,0
DA:177,0
DA:178,0
DA:179,0
DA:180,0
DA:185,0
DA:188,0
DA:189,0
DA:191,0
DA:192,0
DA:193,0
DA:194,0
DA:197,0
DA:198,0
DA:199,0
DA:205,0
DA:208,0
DA:209,0
DA:211,0
DA:212,0
DA:213,0
DA:214,0
DA:217,0
DA:218,0
DA:219,0
DA:225,0
DA:228,0
DA:236,0
DA:239,0
DA:240,0
DA:255,0
DA:259,0
DA:260,0
DA:261,0
DA:262,0
DA:264,0
DA:266,0
DA:267,0
DA:268,0
DA:269,0
DA:270,0
DA:272,0
DA:275,0
DA:276,0
DA:280,0
DA:283,0
DA:291,0
DA:292,0
DA:296,0
DA:297,0
DA:298,0
DA:299,0
DA:300,0
DA:302,0
DA:304,0
DA:305,0
DA:306,0
DA:307,0
DA:308,0
DA:310,0
DA:313,0
DA:314,0
DA:318,0
DA:322,0
DA:326,0
LF:111
LH:33
end_of_record
SF:lib\features\restaurants\data\models\restaurant_details_model.dart
DA:9,3
DA:48,0
DA:49,0
DA:50,0
DA:53,0
DA:65,0
DA:66,0
DA:78,0
DA:87,4
DA:88,2
DA:91,3
DA:92,3
DA:93,3
DA:94,0
DA:95,3
DA:96,6
DA:97,6
DA:100,6
DA:101,6
DA:102,3
DA:103,0
DA:104,3
DA:105,3
DA:107,6
DA:108,6
DA:109,6
DA:111,6
DA:112,6
DA:113,6
DA:114,3
DA:116,6
DA:117,6
DA:119,6
DA:120,6
DA:121,3
DA:122,0
DA:123,3
DA:124,3
DA:126,3
DA:127,0
DA:128,3
DA:129,6
DA:130,6
DA:133,6
DA:134,6
DA:135,9
DA:136,6
DA:137,6
DA:138,6
DA:139,6
DA:140,6
DA:142,6
DA:143,6
DA:144,6
DA:145,3
DA:146,0
DA:147,3
DA:148,9
DA:150,6
DA:151,9
DA:152,9
DA:153,6
DA:154,6
DA:155,3
DA:157,3
DA:158,9
DA:161,3
DA:163,0
DA:201,0
DA:202,0
DA:203,0
DA:204,0
DA:205,0
DA:206,0
DA:207,0
DA:208,0
DA:209,0
DA:210,0
DA:211,0
DA:212,0
DA:213,0
DA:214,0
DA:215,0
DA:216,0
DA:217,0
DA:218,0
DA:219,0
DA:220,0
DA:221,0
DA:222,0
DA:223,0
DA:224,0
DA:225,0
DA:226,0
DA:227,0
DA:228,0
DA:229,0
DA:230,0
DA:231,0
DA:232,0
DA:233,0
DA:234,0
DA:235,0
DA:236,0
DA:237,0
DA:241,2
DA:242,1
DA:243,2
DA:244,2
DA:247,1
DA:248,1
DA:249,2
DA:250,1
DA:251,1
DA:252,1
DA:253,1
DA:254,2
DA:255,1
DA:256,1
DA:257,1
DA:258,1
DA:259,1
DA:260,2
DA:261,1
DA:262,2
DA:263,2
DA:266,1
DA:267,2
DA:268,1
DA:269,1
DA:270,1
DA:271,1
DA:272,1
DA:273,1
DA:274,1
DA:275,1
DA:276,1
DA:277,1
DA:278,3
DA:280,1
DA:281,1
DA:282,1
DA:283,1
DA:284,1
DA:285,1
DA:290,3
DA:296,0
DA:297,0
DA:300,3
DA:301,3
DA:302,6
DA:303,6
DA:304,3
DA:305,0
DA:306,3
DA:307,6
DA:308,6
DA:313,2
DA:314,1
DA:315,1
DA:316,1
DA:321,3
DA:323,0
DA:324,0
DA:327,3
DA:328,3
DA:329,6
DA:330,3
DA:331,6
DA:332,6
DA:335,3
DA:336,6
DA:337,6
DA:342,2
DA:343,1
DA:344,1
DA:345,2
DA:346,2
DA:349,1
DA:354,3
DA:356,0
DA:357,0
DA:360,3
DA:361,3
DA:362,6
DA:363,6
DA:366,2
DA:367,2
DA:368,2
DA:373,3
DA:375,0
DA:376,0
DA:379,3
DA:380,3
DA:381,9
DA:382,9
DA:383,3
DA:386,2
DA:387,2
DA:388,1
DA:389,1
DA:394,4
DA:400,4
DA:402,0
DA:403,0
DA:406,4
DA:407,4
DA:408,8
DA:409,4
DA:410,2
DA:411,4
DA:412,8
DA:413,6
DA:416,4
DA:417,2
DA:418,4
DA:419,8
DA:420,6
DA:425,4
DA:426,2
DA:427,2
DA:428,4
DA:429,2
DA:432,2
DA:437,3
DA:439,0
DA:440,0
DA:443,3
DA:444,3
DA:445,6
DA:446,6
DA:449,2
DA:450,2
DA:451,2
DA:456,3
DA:458,0
DA:459,0
DA:462,3
DA:463,3
DA:464,9
DA:465,6
DA:468,2
DA:469,1
DA:470,1
DA:522,3
DA:527,0
DA:528,0
DA:531,3
DA:532,3
DA:533,6
DA:534,6
DA:537,2
DA:538,1
DA:539,1
LF:254
LH:187
end_of_record
SF:lib\features\restaurants\data\models\restaurant_model.dart
DA:9,2
DA:24,0
DA:25,0
DA:30,0
DA:34,0
DA:40,2
DA:41,1
DA:44,2
DA:45,2
DA:46,4
DA:47,4
DA:48,4
DA:49,6
DA:50,2
DA:51,1
DA:52,2
DA:53,4
DA:54,4
DA:59,3
DA:60,6
DA:61,2
DA:62,4
DA:65,2
DA:66,1
DA:67,2
DA:68,2
DA:70,4
DA:71,2
DA:73,4
DA:75,3
DA:78,3
DA:80,2
DA:81,1
DA:82,1
DA:83,1
DA:84,1
DA:85,1
DA:86,2
DA:87,2
DA:90,1
DA:91,1
DA:92,1
DA:93,2
DA:94,1
DA:95,2
DA:96,1
DA:99,1
DA:113,1
DA:114,0
DA:115,1
DA:116,1
DA:117,1
DA:118,1
DA:119,1
DA:120,1
DA:121,1
DA:122,1
DA:123,1
DA:124,1
DA:125,1
DA:131,22
DA:133,0
DA:134,0
DA:137,18
DA:138,0
DA:143,4
DA:144,4
DA:145,8
DA:146,8
DA:149,4
DA:150,4
DA:151,4
DA:156,4
DA:161,0
DA:162,0
DA:165,4
DA:166,4
DA:167,12
DA:168,12
DA:171,4
DA:172,2
DA:173,2
DA:178,4
DA:183,0
DA:184,0
DA:187,4
DA:188,4
DA:189,8
DA:190,8
DA:193,4
DA:194,4
DA:195,4
DA:200,4
DA:207,0
DA:208,0
DA:211,4
DA:212,4
DA:213,12
DA:214,12
DA:215,4
DA:216,8
DA:217,8
DA:220,4
DA:223,0
DA:225,4
DA:226,2
DA:227,2
DA:228,2
DA:229,2
LF:109
LH:94
end_of_record
SF:lib\features\restaurants\data\models\restaurant_review_model.dart
DA:6,0
DA:18,0
DA:19,0
DA:24,0
DA:25,0
DA:31,0
DA:32,0
DA:33,0
DA:34,0
DA:35,0
DA:36,0
DA:37,0
DA:38,0
DA:39,0
DA:40,0
DA:41,0
DA:44,0
DA:55,0
DA:56,0
DA:57,0
DA:58,0
DA:59,0
DA:60,0
DA:61,0
DA:62,0
DA:63,0
DA:64,0
DA:68,0
DA:69,0
DA:70,0
DA:71,0
DA:72,0
DA:73,0
DA:74,0
DA:75,0
DA:76,0
DA:77,0
LF:37
LH:0
end_of_record
SF:lib\features\restaurants\data\models\user_location_model.dart
DA:5,3
DA:7,2
DA:8,2
DA:9,2
DA:12,2
DA:23,1
DA:24,1
LF:7
LH:7
end_of_record
SF:lib\features\restaurants\domain\entities\restaurant_review.dart
DA:4,0
DA:16,0
DA:17,0
DA:22,0
DA:23,0
DA:39,0
DA:40,0
DA:41,0
DA:42,0
DA:43,0
DA:44,0
DA:45,0
DA:46,0
DA:47,0
DA:48,0
DA:49,0
LF:16
LH:0
end_of_record
SF:lib\features\restaurants\domain\entities\restaurant_details.dart
DA:5,5
DA:44,2
DA:45,2
DA:46,2
DA:49,2
DA:61,2
DA:62,2
DA:74,2
DA:121,2
DA:122,2
DA:123,2
DA:124,2
DA:125,2
DA:126,2
DA:127,2
DA:128,2
DA:129,2
DA:130,2
DA:131,2
DA:132,2
DA:133,2
DA:134,2
DA:135,2
DA:136,2
DA:137,2
DA:138,2
DA:139,2
DA:140,2
DA:141,2
DA:142,2
DA:143,2
DA:144,2
DA:145,2
DA:146,2
DA:147,2
DA:148,2
DA:149,2
DA:150,2
DA:151,2
DA:152,2
DA:153,2
DA:154,2
DA:155,2
DA:156,2
DA:157,2
LF:45
LH:45
end_of_record
SF:lib\features\restaurants\domain\entities\user_location.dart
DA:4,5
DA:8,2
DA:9,2
DA:10,2
DA:13,2
LF:5
LH:5
end_of_record
SF:lib\features\restaurants\data\repositories\restaurants_repository_impl.dart
DA:15,1
DA:19,1
DA:24,2
DA:25,1
DA:26,1
DA:27,2
DA:31,1
DA:36,2
DA:39,1
DA:40,1
DA:41,2
DA:45,1
DA:48,2
DA:49,1
DA:50,1
DA:51,2
DA:55,1
DA:60,2
DA:63,1
DA:64,1
DA:65,2
DA:69,0
DA:74,0
DA:77,0
DA:78,0
DA:79,0
DA:83,0
DA:86,0
DA:89,0
DA:90,0
DA:91,0
DA:95,0
DA:98,0
DA:101,0
DA:102,0
DA:103,0
DA:107,0
DA:110,0
DA:111,0
DA:112,0
DA:113,0
DA:117,0
DA:120,0
DA:121,0
DA:122,0
DA:123,0
LF:46
LH:21
end_of_record
SF:lib\features\restaurants\domain\usecases\get_restaurants_markers.dart
DA:9,1
DA:13,1
DA:17,3
DA:21,2
DA:23,6
DA:29,1
DA:30,2
LF:7
LH:7
end_of_record
SF:lib\features\restaurants\domain\usecases\get_restaurants_near_me.dart
DA:9,1
DA:13,1
DA:15,3
DA:19,2
DA:21,2
DA:22,2
DA:23,2
DA:26,2
DA:39,1
DA:40,2
LF:10
LH:10
end_of_record
SF:lib\features\restaurants\domain\usecases\get_restaurant_details.dart
DA:8,1
DA:12,1
DA:14,3
DA:18,3
DA:20,2
DA:23,1
DA:24,2
LF:7
LH:7
end_of_record
SF:lib\features\restaurants\domain\usecases\get_user_location.dart
DA:7,1
DA:11,1
DA:12,2
LF:3
LH:3
end_of_record
SF:lib\features\auth\domain\usecases\remove_restaurant.dart
DA:6,0
DA:10,0
DA:11,0
LF:3
LH:0
end_of_record
SF:lib\features\auth\domain\usecases\save_restaurant.dart
DA:6,0
DA:10,0
DA:11,0
LF:3
LH:0
end_of_record
SF:lib\features\restaurants\domain\usecases\add_restaurant_review.dart
DA:7,0
DA:11,0
DA:12,0
LF:3
LH:0
end_of_record
SF:lib\features\restaurants\domain\usecases\get_restaurant_reviews.dart
DA:7,0
DA:11,0
DA:12,0
LF:3
LH:0
end_of_record
SF:lib\features\restaurants\presentation\restaurants_bloc\restaurants_event.dart
DA:4,2
DA:6,0
DA:7,0
DA:11,1
DA:15,1
DA:19,0
DA:20,0
DA:24,1
DA:28,0
DA:29,0
DA:33,1
DA:37,0
DA:38,0
DA:42,0
DA:48,0
DA:54,0
DA:60,0
DA:66,0
LF:18
LH:5
end_of_record
SF:lib\features\restaurants\presentation\restaurants_bloc\restaurants_state.dart
DA:4,10
DA:6,1
DA:7,1
DA:11,9
DA:15,9
DA:19,9
DA:23,9
DA:27,9
DA:31,1
DA:35,1
DA:36,2
DA:40,1
DA:44,1
DA:45,2
DA:49,8
DA:53,0
DA:61,8
DA:65,8
DA:69,8
DA:73,8
DA:77,8
DA:81,0
DA:89,1
DA:93,1
DA:94,2
DA:98,1
DA:102,1
DA:103,2
DA:107,1
DA:111,1
DA:112,2
LF:31
LH:29
end_of_record
SF:lib\features\restaurants\presentation\restaurants_bloc\restaurants_bloc.dart
DA:25,1
DA:44,1
DA:45,2
DA:46,2
DA:47,2
DA:48,2
DA:49,2
DA:50,2
DA:51,2
DA:52,2
DA:53,2
DA:71,1
DA:75,1
DA:76,2
DA:77,2
DA:80,1
DA:81,4
DA:82,3
DA:86,1
DA:90,1
DA:91,2
DA:92,2
DA:94,1
DA:95,4
DA:96,3
DA:100,1
DA:104,1
DA:105,2
DA:106,1
DA:107,4
DA:108,2
DA:109,2
DA:114,1
DA:118,1
DA:119,2
DA:120,2
DA:122,1
DA:123,4
DA:124,4
DA:128,0
DA:132,0
DA:133,0
DA:134,0
DA:137,0
DA:138,0
DA:139,0
DA:141,0
DA:142,0
DA:149,0
DA:153,0
DA:154,0
DA:155,0
DA:156,0
DA:157,0
DA:158,0
DA:159,0
DA:165,0
DA:169,0
DA:170,0
DA:171,0
DA:172,0
DA:173,0
DA:174,0
DA:175,0
DA:181,0
DA:185,0
DA:186,0
DA:187,0
DA:188,0
DA:189,0
DA:193,0
DA:197,0
DA:198,0
DA:199,0
DA:200,0
DA:201,0
DA:202,0
DA:205,0
DA:206,0
LF:79
LH:39
end_of_record
SF:lib\features\scan_product\domain\use_cases\get_saved_restaurants_list.dart
DA:7,0
DA:11,0
DA:12,0
LF:3
LH:0
end_of_record
SF:lib\core\services\restaurants_services\barcode_scanner_plugin.dart
DA:10,0
DA:11,0
DA:17,0
DA:18,0
DA:21,0
DA:26,0
LF:6
LH:0
end_of_record
SF:lib\core\services\vegan_checker.dart
DA:223,0
DA:225,2
DA:227,1
DA:230,1
DA:231,1
DA:232,1
DA:236,2
DA:238,2
DA:239,0
DA:240,0
DA:241,0
DA:243,0
DA:244,0
DA:248,0
DA:249,0
DA:250,0
DA:258,0
DA:259,0
DA:260,0
DA:262,0
DA:263,0
DA:267,0
DA:268,0
DA:269,0
DA:270,0
DA:271,0
DA:272,0
DA:276,0
DA:284,3
DA:285,3
DA:286,2
DA:288,2
DA:289,5
DA:291,4
DA:292,2
DA:293,4
DA:294,0
DA:295,0
DA:302,2
DA:303,0
DA:304,0
DA:305,0
DA:309,2
DA:310,2
DA:311,5
DA:312,0
DA:313,0
DA:315,0
DA:329,4
DA:332,0
DA:333,0
DA:338,0
DA:341,0
DA:342,0
DA:343,0
DA:347,0
DA:349,0
DA:350,0
DA:351,0
DA:352,0
DA:354,0
DA:355,0
DA:359,0
DA:360,0
DA:361,0
DA:369,0
DA:370,0
DA:371,0
DA:373,0
DA:374,0
DA:378,0
DA:379,0
DA:380,0
DA:381,0
DA:382,0
DA:383,0
DA:387,0
DA:395,0
DA:396,0
DA:397,0
DA:398,0
DA:400,0
DA:401,0
DA:402,0
DA:403,0
DA:404,0
DA:412,0
DA:413,0
DA:414,0
DA:415,0
DA:419,0
DA:420,0
DA:421,0
DA:422,0
DA:423,0
DA:425,0
DA:432,0
DA:433,0
DA:434,0
DA:439,0
DA:442,0
DA:448,1
DA:450,1
DA:451,5
DA:452,0
DA:454,0
DA:458,1
DA:459,1
DA:460,1
DA:461,1
LF:110
LH:27
end_of_record
SF:lib\features\scan_product\data\data_sources\scan_product_remote_data_source.dart
DA:39,1
DA:53,1
DA:56,2
DA:57,2
DA:60,4
DA:61,4
DA:62,1
DA:64,1
DA:68,2
DA:70,2
DA:71,3
DA:72,2
DA:73,3
DA:75,0
DA:76,1
DA:80,0
DA:81,2
DA:83,1
DA:84,1
DA:87,0
DA:88,0
DA:92,1
DA:95,2
DA:96,1
DA:98,1
DA:99,3
DA:102,0
DA:103,0
DA:107,0
DA:110,0
DA:111,0
DA:113,0
DA:114,0
DA:115,0
DA:116,0
DA:119,0
DA:120,0
DA:121,0
DA:127,0
DA:130,0
DA:131,0
DA:133,0
DA:134,0
DA:135,0
DA:136,0
DA:139,0
DA:140,0
DA:141,0
DA:147,0
DA:151,0
DA:152,0
DA:153,0
DA:154,0
DA:160,0
LF:54
LH:22
end_of_record
SF:lib\features\scan_product\data\models\barcode_model.dart
DA:4,4
DA:6,2
DA:8,1
DA:9,1
LF:4
LH:4
end_of_record
SF:lib\features\scan_product\data\models\food_product_model.dart
DA:7,3
DA:36,1
DA:37,1
DA:40,1
DA:49,1
DA:66,2
DA:67,1
DA:70,2
DA:71,2
DA:72,4
DA:73,4
DA:74,2
DA:75,1
DA:76,2
DA:77,4
DA:78,2
DA:81,4
DA:82,4
DA:83,4
DA:84,2
DA:86,4
DA:90,4
DA:91,7
DA:93,4
DA:95,4
DA:97,4
DA:98,2
DA:100,2
DA:102,4
DA:104,3
DA:106,3
DA:108,3
DA:109,4
DA:110,4
DA:111,4
DA:112,6
DA:113,6
DA:114,6
DA:117,2
DA:145,2
DA:146,1
DA:147,2
DA:148,2
DA:149,2
DA:150,2
DA:151,2
DA:152,2
DA:153,1
DA:154,1
DA:155,1
DA:156,2
DA:157,2
DA:158,2
DA:159,2
DA:160,2
DA:161,2
DA:162,2
DA:163,2
DA:164,2
DA:165,2
DA:166,2
DA:167,2
DA:168,2
DA:169,2
DA:170,2
DA:171,2
DA:175,3
DA:177,2
DA:178,1
DA:179,1
DA:180,1
DA:181,2
DA:182,0
DA:185,1
DA:186,1
DA:187,1
DA:188,2
DA:189,1
DA:190,1
DA:191,1
DA:192,1
DA:193,1
DA:194,1
DA:195,1
DA:196,1
DA:197,1
DA:198,1
DA:199,1
DA:200,1
DA:201,1
DA:202,1
DA:203,1
DA:204,1
DA:205,1
DA:206,1
DA:207,1
DA:229,9
DA:244,7
DA:245,0
DA:260,0
DA:261,0
DA:264,2
DA:265,2
DA:266,6
DA:267,2
DA:268,4
DA:271,4
DA:272,6
DA:273,2
DA:274,4
DA:277,2
DA:278,4
DA:281,4
DA:282,2
DA:283,4
DA:286,6
DA:287,6
DA:288,4
DA:289,6
DA:292,0
DA:294,2
DA:295,1
DA:296,1
DA:297,1
DA:298,1
DA:299,1
DA:300,1
DA:301,1
DA:302,1
DA:303,1
DA:304,1
DA:305,1
DA:306,1
DA:311,1
DA:322,0
DA:323,0
DA:326,1
DA:327,1
DA:328,2
DA:329,1
DA:330,1
DA:331,1
DA:332,2
DA:333,2
DA:338,3
DA:339,3
DA:340,3
DA:341,2
DA:342,2
DA:343,2
DA:346,0
DA:348,0
DA:349,0
DA:350,0
DA:351,0
DA:352,0
DA:355,0
DA:356,0
DA:357,0
DA:358,0
DA:359,0
DA:360,0
LF:162
LH:143
end_of_record
SF:lib\core\services\service_locator.main.dart
DA:3,0
DA:5,0
DA:6,0
DA:7,0
DA:8,0
DA:11,0
DA:12,0
DA:14,0
DA:15,0
DA:16,0
DA:17,0
DA:18,0
DA:19,0
DA:23,0
DA:24,0
DA:25,0
DA:26,0
DA:28,0
DA:29,0
DA:32,0
DA:33,0
DA:34,0
DA:35,0
DA:36,0
DA:40,0
DA:41,0
DA:42,0
DA:45,0
DA:46,0
DA:48,0
DA:49,0
DA:50,0
DA:51,0
DA:52,0
DA:53,0
DA:54,0
DA:58,0
DA:59,0
DA:60,0
DA:61,0
DA:62,0
DA:64,0
DA:65,0
DA:68,0
DA:69,0
DA:70,0
DA:71,0
DA:72,0
DA:73,0
DA:74,0
DA:78,0
DA:79,0
DA:82,0
DA:83,0
DA:85,0
DA:86,0
DA:87,0
DA:88,0
DA:89,0
DA:90,0
DA:91,0
DA:92,0
DA:93,0
DA:94,0
DA:95,0
DA:99,0
DA:100,0
DA:101,0
DA:102,0
DA:103,0
DA:104,0
DA:105,0
DA:106,0
DA:107,0
DA:109,0
DA:110,0
DA:113,0
DA:114,0
DA:115,0
DA:116,0
DA:117,0
DA:118,0
DA:119,0
DA:120,0
DA:124,0
DA:125,0
DA:126,0
LF:87
LH:0
end_of_record
SF:lib\features\auth\domain\usecases\remove_food_product.dart
DA:6,0
DA:10,0
DA:11,0
LF:3
LH:0
end_of_record
SF:lib\features\auth\domain\usecases\save_food_product.dart
DA:6,0
DA:10,0
DA:11,0
LF:3
LH:0
end_of_record
SF:lib\features\scan_product\data\repositories\scan_product_repository_impl.dart
DA:11,1
DA:15,1
DA:18,2
DA:19,1
DA:20,1
DA:21,2
DA:25,1
DA:28,2
DA:29,1
DA:30,1
DA:31,2
DA:35,0
DA:38,0
DA:41,0
DA:42,0
DA:43,0
DA:47,0
DA:50,0
DA:53,0
DA:54,0
DA:55,0
DA:59,0
DA:62,0
DA:63,0
DA:64,0
DA:65,0
LF:26
LH:11
end_of_record
SF:lib\features\scan_product\domain\use_cases\fetch_product.dart
DA:8,1
DA:12,1
DA:14,3
DA:18,3
DA:20,2
DA:24,1
DA:25,2
LF:7
LH:7
end_of_record
SF:lib\features\scan_product\domain\use_cases\fetch_saved_products_list.dart
DA:7,0
DA:11,0
DA:12,0
LF:3
LH:0
end_of_record
SF:lib\features\scan_product\domain\use_cases\scan_barcode.dart
DA:7,1
DA:11,1
DA:12,2
LF:3
LH:3
end_of_record
SF:lib\features\scan_product\presentation\scan_product_cubit\scan_product_state.dart
DA:4,9
DA:6,1
DA:7,1
DA:11,8
DA:15,8
DA:19,1
DA:23,1
DA:24,2
DA:28,8
DA:32,1
DA:38,1
DA:39,1
DA:40,1
DA:45,7
DA:49,7
DA:53,0
DA:68,7
DA:72,0
DA:78,7
DA:82,1
DA:86,1
DA:87,2
LF:22
LH:20
end_of_record
SF:lib\features\scan_product\presentation\scan_product_cubit\scan_product_cubit.dart
DA:14,1
DA:25,1
DA:32,1
DA:33,1
DA:34,2
DA:35,1
DA:36,4
DA:37,4
DA:41,1
DA:42,1
DA:43,3
DA:45,1
DA:46,1
DA:47,2
DA:48,0
DA:50,3
DA:53,1
DA:54,2
DA:55,0
DA:57,1
DA:58,1
DA:67,0
DA:68,0
DA:70,0
DA:72,0
DA:73,0
DA:74,0
DA:76,0
DA:77,0
DA:85,0
DA:86,0
DA:88,0
DA:90,0
DA:91,0
DA:92,0
DA:93,0
DA:94,0
DA:96,0
DA:102,0
DA:103,0
DA:104,0
DA:105,0
DA:106,0
DA:107,0
DA:109,0
DA:110,0
LF:46
LH:19
end_of_record
SF:lib\features\scan_product\domain\entities\food_product.dart
DA:4,5
DA:16,2
DA:17,2
DA:20,2
DA:41,2
DA:42,2
DA:43,2
DA:44,2
DA:45,2
DA:46,2
DA:47,2
DA:48,2
DA:49,2
DA:50,2
DA:51,2
DA:52,2
DA:57,16
DA:72,7
DA:73,0
DA:101,2
DA:102,2
DA:103,2
DA:104,2
DA:105,2
DA:106,2
DA:107,2
DA:108,2
DA:109,2
DA:110,2
DA:111,2
DA:112,2
DA:113,2
DA:114,2
DA:119,1
DA:130,0
DA:131,0
DA:133,0
DA:152,0
DA:153,0
DA:154,0
DA:155,0
DA:156,0
DA:157,0
DA:158,0
DA:159,0
DA:160,0
DA:161,0
LF:47
LH:33
end_of_record
SF:lib\features\scan_product\domain\entities\barcode.dart
DA:4,6
DA:6,2
DA:10,0
DA:11,0
LF:4
LH:2
end_of_record
